Downloading https://storage.googleapis.com/cvdf-datasets/mnist/train-images-idx3-ubyte.gz to /tmp/mnist_data/train-images-idx3-ubyte.gz
Downloading https://storage.googleapis.com/cvdf-datasets/mnist/train-labels-idx1-ubyte.gz to /tmp/mnist_data/train-labels-idx1-ubyte.gz
Downloading https://storage.googleapis.com/cvdf-datasets/mnist/t10k-images-idx3-ubyte.gz to /tmp/mnist_data/t10k-images-idx3-ubyte.gz
Downloading https://storage.googleapis.com/cvdf-datasets/mnist/t10k-labels-idx1-ubyte.gz to /tmp/mnist_data/t10k-labels-idx1-ubyte.gz

Evaluation results:
	{'accuracy': 0.9688, 'loss': 0.1095238, 'global_step': 600}


Evaluation results:
	{'accuracy': 0.9809, 'loss': 0.063194506, 'global_step': 1200}


Evaluation results:
	{'accuracy': 0.9854, 'loss': 0.04468964, 'global_step': 1800}


Evaluation results:
	{'accuracy': 0.9858, 'loss': 0.0419552, 'global_step': 2400}


Evaluation results:
	{'accuracy': 0.9893, 'loss': 0.033470567, 'global_step': 3000}


Evaluation results:
	{'accuracy': 0.9903, 'loss': 0.030511891, 'global_step': 3600}


Evaluation results:
	{'accuracy': 0.9916, 'loss': 0.02654462, 'global_step': 4200}


Evaluation results:
	{'accuracy': 0.9912, 'loss': 0.025563758, 'global_step': 4800}


Evaluation results:
	{'accuracy': 0.9917, 'loss': 0.024885027, 'global_step': 5400}


Evaluation results:
	{'accuracy': 0.9922, 'loss': 0.022374887, 'global_step': 6000}


Evaluation results:
	{'accuracy': 0.9921, 'loss': 0.022137335, 'global_step': 6600}


Evaluation results:
	{'accuracy': 0.9917, 'loss': 0.021865604, 'global_step': 7200}


Evaluation results:
	{'accuracy': 0.9915, 'loss': 0.02292159, 'global_step': 7800}


Evaluation results:
	{'accuracy': 0.9925, 'loss': 0.020792807, 'global_step': 8400}


Evaluation results:
	{'accuracy': 0.9923, 'loss': 0.021117715, 'global_step': 9000}


Evaluation results:
	{'accuracy': 0.9923, 'loss': 0.021668263, 'global_step': 9600}


Evaluation results:
	{'accuracy': 0.9928, 'loss': 0.021445727, 'global_step': 10200}


Evaluation results:
	{'accuracy': 0.9925, 'loss': 0.020072833, 'global_step': 10800}


Evaluation results:
	{'accuracy': 0.9928, 'loss': 0.022588491, 'global_step': 11400}


Evaluation results:
	{'accuracy': 0.9925, 'loss': 0.020875389, 'global_step': 12000}


Evaluation results:
	{'accuracy': 0.9926, 'loss': 0.02063941, 'global_step': 12600}


Evaluation results:
	{'accuracy': 0.9924, 'loss': 0.022565383, 'global_step': 13200}


Evaluation results:
	{'accuracy': 0.9925, 'loss': 0.02126353, 'global_step': 13800}


Evaluation results:
	{'accuracy': 0.992, 'loss': 0.023482986, 'global_step': 14400}


Evaluation results:
	{'accuracy': 0.992, 'loss': 0.023336513, 'global_step': 15000}


Evaluation results:
	{'accuracy': 0.9925, 'loss': 0.023155266, 'global_step': 15600}


Evaluation results:
	{'accuracy': 0.9926, 'loss': 0.02206879, 'global_step': 16200}


Evaluation results:
	{'accuracy': 0.9934, 'loss': 0.020575738, 'global_step': 16800}


Evaluation results:
	{'accuracy': 0.9923, 'loss': 0.026488043, 'global_step': 17400}


Evaluation results:
	{'accuracy': 0.9929, 'loss': 0.024232863, 'global_step': 18000}


Evaluation results:
	{'accuracy': 0.9925, 'loss': 0.023065533, 'global_step': 18600}


Evaluation results:
	{'accuracy': 0.9923, 'loss': 0.024925448, 'global_step': 19200}


Evaluation results:
	{'accuracy': 0.9921, 'loss': 0.026228052, 'global_step': 19800}


Evaluation results:
	{'accuracy': 0.9926, 'loss': 0.025253544, 'global_step': 20400}


Evaluation results:
	{'accuracy': 0.9924, 'loss': 0.023937816, 'global_step': 21000}


Evaluation results:
	{'accuracy': 0.9925, 'loss': 0.027262876, 'global_step': 21600}


Evaluation results:
	{'accuracy': 0.9926, 'loss': 0.026006002, 'global_step': 22200}


Evaluation results:
	{'accuracy': 0.9925, 'loss': 0.025540533, 'global_step': 22800}


Evaluation results:
	{'accuracy': 0.9932, 'loss': 0.024612373, 'global_step': 23400}


Evaluation results:
	{'accuracy': 0.9929, 'loss': 0.024766047, 'global_step': 24000}

