Downloading https://storage.googleapis.com/cvdf-datasets/mnist/train-images-idx3-ubyte.gz to /tmp/mnist_data/train-images-idx3-ubyte.gz
Downloading https://storage.googleapis.com/cvdf-datasets/mnist/train-labels-idx1-ubyte.gz to /tmp/mnist_data/train-labels-idx1-ubyte.gz
Downloading https://storage.googleapis.com/cvdf-datasets/mnist/t10k-images-idx3-ubyte.gz to /tmp/mnist_data/t10k-images-idx3-ubyte.gz
Downloading https://storage.googleapis.com/cvdf-datasets/mnist/t10k-labels-idx1-ubyte.gz to /tmp/mnist_data/t10k-labels-idx1-ubyte.gz

Evaluation results:
	{'accuracy': 0.967, 'loss': 0.11362283, 'global_step': 600}


Evaluation results:
	{'accuracy': 0.9808, 'loss': 0.06261244, 'global_step': 1200}


Evaluation results:
	{'accuracy': 0.9842, 'loss': 0.04662161, 'global_step': 1800}


Evaluation results:
	{'accuracy': 0.9882, 'loss': 0.03745045, 'global_step': 2400}


Evaluation results:
	{'accuracy': 0.9877, 'loss': 0.03509213, 'global_step': 3000}


Evaluation results:
	{'accuracy': 0.9909, 'loss': 0.02816808, 'global_step': 3600}


Evaluation results:
	{'accuracy': 0.991, 'loss': 0.02761987, 'global_step': 4200}


Evaluation results:
	{'accuracy': 0.9908, 'loss': 0.027281692, 'global_step': 4800}


Evaluation results:
	{'accuracy': 0.9908, 'loss': 0.0260096, 'global_step': 5400}


Evaluation results:
	{'accuracy': 0.9924, 'loss': 0.022092361, 'global_step': 6000}


Evaluation results:
	{'accuracy': 0.9924, 'loss': 0.024029687, 'global_step': 6600}


Evaluation results:
	{'accuracy': 0.9928, 'loss': 0.0210822, 'global_step': 7200}


Evaluation results:
	{'accuracy': 0.9934, 'loss': 0.020686062, 'global_step': 7800}


Evaluation results:
	{'accuracy': 0.9921, 'loss': 0.022543283, 'global_step': 8400}


Evaluation results:
	{'accuracy': 0.9931, 'loss': 0.020235369, 'global_step': 9000}


Evaluation results:
	{'accuracy': 0.9934, 'loss': 0.019208195, 'global_step': 9600}


Evaluation results:
	{'accuracy': 0.9928, 'loss': 0.018844226, 'global_step': 10200}


Evaluation results:
	{'accuracy': 0.9918, 'loss': 0.023374893, 'global_step': 10800}


Evaluation results:
	{'accuracy': 0.993, 'loss': 0.021960258, 'global_step': 11400}


Evaluation results:
	{'accuracy': 0.9918, 'loss': 0.025311587, 'global_step': 12000}


Evaluation results:
	{'accuracy': 0.9936, 'loss': 0.019759916, 'global_step': 12600}


Evaluation results:
	{'accuracy': 0.9938, 'loss': 0.019881029, 'global_step': 13200}


Evaluation results:
	{'accuracy': 0.993, 'loss': 0.01941347, 'global_step': 13800}


Evaluation results:
	{'accuracy': 0.993, 'loss': 0.022029035, 'global_step': 14400}


Evaluation results:
	{'accuracy': 0.993, 'loss': 0.02255639, 'global_step': 15000}


Evaluation results:
	{'accuracy': 0.9935, 'loss': 0.020181628, 'global_step': 15600}


Evaluation results:
	{'accuracy': 0.9928, 'loss': 0.024117615, 'global_step': 16200}


Evaluation results:
	{'accuracy': 0.9938, 'loss': 0.020672541, 'global_step': 16800}


Evaluation results:
	{'accuracy': 0.9932, 'loss': 0.022828648, 'global_step': 17400}


Evaluation results:
	{'accuracy': 0.9935, 'loss': 0.022397626, 'global_step': 18000}


Evaluation results:
	{'accuracy': 0.9934, 'loss': 0.023683388, 'global_step': 18600}


Evaluation results:
	{'accuracy': 0.993, 'loss': 0.024230404, 'global_step': 19200}


Evaluation results:
	{'accuracy': 0.9936, 'loss': 0.02230137, 'global_step': 19800}


Evaluation results:
	{'accuracy': 0.9927, 'loss': 0.024233423, 'global_step': 20400}


Evaluation results:
	{'accuracy': 0.9938, 'loss': 0.021558313, 'global_step': 21000}


Evaluation results:
	{'accuracy': 0.993, 'loss': 0.026336752, 'global_step': 21600}


Evaluation results:
	{'accuracy': 0.9938, 'loss': 0.022927547, 'global_step': 22200}


Evaluation results:
	{'accuracy': 0.9924, 'loss': 0.024927907, 'global_step': 22800}


Evaluation results:
	{'accuracy': 0.9932, 'loss': 0.022595957, 'global_step': 23400}


Evaluation results:
	{'accuracy': 0.9935, 'loss': 0.025078205, 'global_step': 24000}

