INFO:tensorflow:Using default config.
INFO:tensorflow:Using config: {'_model_dir': '/tmp/mnist_model', '_tf_random_seed': None, '_save_summary_steps': 100, '_save_checkpoints_steps': None, '_save_checkpoints_secs': 600, '_session_config': None, '_keep_checkpoint_max': 5, '_keep_checkpoint_every_n_hours': 10000, '_log_step_count_steps': 100, '_train_distribute': None, '_service': None, '_cluster_spec': <tensorflow.python.training.server_lib.ClusterSpec object at 0x7f0bcba3d828>, '_task_type': 'worker', '_task_id': 0, '_global_id_in_cluster': 0, '_master': '', '_evaluation_master': '', '_is_chief': True, '_num_ps_replicas': 0, '_num_worker_replicas': 1}
INFO:tensorflow:Calling model_fn.
INFO:tensorflow:Done calling model_fn.
INFO:tensorflow:Create CheckpointSaverHook.
INFO:tensorflow:Graph was finalized.
2018-07-11 12:10:07.584932: I tensorflow/core/platform/cpu_feature_guard.cc:140] Your CPU supports instructions that this TensorFlow binary was not compiled to use: SSE4.1 SSE4.2 AVX AVX2 FMA
INFO:tensorflow:Running local_init_op.
INFO:tensorflow:Done running local_init_op.
INFO:tensorflow:Saving checkpoints for 1 into /tmp/mnist_model/model.ckpt.
INFO:tensorflow:learning_rate = 1e-04, cross_entropy = 2.304753, train_accuracy = 0.11
INFO:tensorflow:loss = 2.304753, step = 1
INFO:tensorflow:global_step/sec: 9.15815
INFO:tensorflow:learning_rate = 1e-04, cross_entropy = 0.546184, train_accuracy = 0.475 (10.920 sec)
INFO:tensorflow:loss = 0.546184, step = 101 (10.919 sec)
INFO:tensorflow:global_step/sec: 9.67228
INFO:tensorflow:learning_rate = 1e-04, cross_entropy = 0.31554702, train_accuracy = 0.62 (10.339 sec)
INFO:tensorflow:loss = 0.31554702, step = 201 (10.339 sec)
INFO:tensorflow:global_step/sec: 9.67003
INFO:tensorflow:learning_rate = 1e-04, cross_entropy = 0.17310482, train_accuracy = 0.7025 (10.341 sec)
INFO:tensorflow:loss = 0.17310482, step = 301 (10.341 sec)
INFO:tensorflow:global_step/sec: 9.6824
INFO:tensorflow:learning_rate = 1e-04, cross_entropy = 0.23722067, train_accuracy = 0.75 (10.328 sec)
INFO:tensorflow:loss = 0.23722067, step = 401 (10.328 sec)
INFO:tensorflow:global_step/sec: 9.65659
INFO:tensorflow:learning_rate = 1e-04, cross_entropy = 0.18304463, train_accuracy = 0.7866667 (10.356 sec)
INFO:tensorflow:loss = 0.18304463, step = 501 (10.356 sec)
INFO:tensorflow:Saving checkpoints for 600 into /tmp/mnist_model/model.ckpt.
INFO:tensorflow:Loss for final step: 0.14017491.
INFO:tensorflow:Calling model_fn.
INFO:tensorflow:Done calling model_fn.
INFO:tensorflow:Starting evaluation at 2018-07-11-16:11:16
INFO:tensorflow:Graph was finalized.
INFO:tensorflow:Restoring parameters from /tmp/mnist_model/model.ckpt-600
INFO:tensorflow:Running local_init_op.
INFO:tensorflow:Done running local_init_op.
INFO:tensorflow:Finished evaluation at 2018-07-11-16:11:20
INFO:tensorflow:Saving dict for global step 600: accuracy = 0.9696, global_step = 600, loss = 0.1066359
INFO:tensorflow:Calling model_fn.
INFO:tensorflow:Done calling model_fn.
INFO:tensorflow:Create CheckpointSaverHook.
INFO:tensorflow:Graph was finalized.
INFO:tensorflow:Restoring parameters from /tmp/mnist_model/model.ckpt-600
INFO:tensorflow:Running local_init_op.
INFO:tensorflow:Done running local_init_op.
INFO:tensorflow:Saving checkpoints for 601 into /tmp/mnist_model/model.ckpt.
INFO:tensorflow:learning_rate = 1e-04, cross_entropy = 0.070236295, train_accuracy = 0.99
INFO:tensorflow:loss = 0.070236295, step = 601
INFO:tensorflow:global_step/sec: 9.10399
INFO:tensorflow:learning_rate = 1e-04, cross_entropy = 0.057279233, train_accuracy = 0.99 (10.985 sec)
INFO:tensorflow:loss = 0.057279233, step = 701 (10.985 sec)
INFO:tensorflow:global_step/sec: 9.53549
INFO:tensorflow:learning_rate = 1e-04, cross_entropy = 0.033587534, train_accuracy = 0.99333334 (10.487 sec)
INFO:tensorflow:loss = 0.033587534, step = 801 (10.487 sec)
INFO:tensorflow:global_step/sec: 9.48127
INFO:tensorflow:learning_rate = 1e-04, cross_entropy = 0.044187583, train_accuracy = 0.9925 (10.547 sec)
INFO:tensorflow:loss = 0.044187583, step = 901 (10.547 sec)
INFO:tensorflow:global_step/sec: 9.52487
INFO:tensorflow:learning_rate = 1e-04, cross_entropy = 0.072451316, train_accuracy = 0.99 (10.499 sec)
INFO:tensorflow:loss = 0.072451316, step = 1001 (10.499 sec)
INFO:tensorflow:global_step/sec: 9.50871
INFO:tensorflow:learning_rate = 1e-04, cross_entropy = 0.055964038, train_accuracy = 0.99 (10.517 sec)
INFO:tensorflow:loss = 0.055964038, step = 1101 (10.517 sec)
INFO:tensorflow:Saving checkpoints for 1200 into /tmp/mnist_model/model.ckpt.
INFO:tensorflow:Loss for final step: 0.08263192.
INFO:tensorflow:Calling model_fn.
INFO:tensorflow:Done calling model_fn.
INFO:tensorflow:Starting evaluation at 2018-07-11-16:12:26
INFO:tensorflow:Graph was finalized.
INFO:tensorflow:Restoring parameters from /tmp/mnist_model/model.ckpt-1200
INFO:tensorflow:Running local_init_op.
INFO:tensorflow:Done running local_init_op.
INFO:tensorflow:Finished evaluation at 2018-07-11-16:12:30
INFO:tensorflow:Saving dict for global step 1200: accuracy = 0.9788, global_step = 1200, loss = 0.06615804
INFO:tensorflow:Calling model_fn.
INFO:tensorflow:Done calling model_fn.
INFO:tensorflow:Create CheckpointSaverHook.
INFO:tensorflow:Graph was finalized.
INFO:tensorflow:Restoring parameters from /tmp/mnist_model/model.ckpt-1200
INFO:tensorflow:Running local_init_op.
INFO:tensorflow:Done running local_init_op.
INFO:tensorflow:Saving checkpoints for 1201 into /tmp/mnist_model/model.ckpt.
INFO:tensorflow:learning_rate = 1e-04, cross_entropy = 0.11667275, train_accuracy = 0.98
INFO:tensorflow:loss = 0.11667275, step = 1201
INFO:tensorflow:global_step/sec: 9.11733
INFO:tensorflow:learning_rate = 1e-04, cross_entropy = 0.13405631, train_accuracy = 0.97 (10.969 sec)
INFO:tensorflow:loss = 0.13405631, step = 1301 (10.968 sec)
INFO:tensorflow:global_step/sec: 9.56675
INFO:tensorflow:learning_rate = 1e-04, cross_entropy = 0.08925962, train_accuracy = 0.96666664 (10.453 sec)
INFO:tensorflow:loss = 0.08925962, step = 1401 (10.453 sec)
INFO:tensorflow:global_step/sec: 9.5413
INFO:tensorflow:learning_rate = 1e-04, cross_entropy = 0.027511187, train_accuracy = 0.975 (10.481 sec)
INFO:tensorflow:loss = 0.027511187, step = 1501 (10.481 sec)
INFO:tensorflow:global_step/sec: 9.5173
INFO:tensorflow:learning_rate = 1e-04, cross_entropy = 0.05635542, train_accuracy = 0.976 (10.507 sec)
INFO:tensorflow:loss = 0.05635542, step = 1601 (10.507 sec)
INFO:tensorflow:global_step/sec: 9.51104
INFO:tensorflow:learning_rate = 1e-04, cross_entropy = 0.07738151, train_accuracy = 0.97833335 (10.514 sec)
INFO:tensorflow:loss = 0.07738151, step = 1701 (10.514 sec)
INFO:tensorflow:Saving checkpoints for 1800 into /tmp/mnist_model/model.ckpt.
INFO:tensorflow:Loss for final step: 0.059134774.
INFO:tensorflow:Calling model_fn.
INFO:tensorflow:Done calling model_fn.
INFO:tensorflow:Starting evaluation at 2018-07-11-16:13:36
INFO:tensorflow:Graph was finalized.
INFO:tensorflow:Restoring parameters from /tmp/mnist_model/model.ckpt-1800
INFO:tensorflow:Running local_init_op.
INFO:tensorflow:Done running local_init_op.
INFO:tensorflow:Finished evaluation at 2018-07-11-16:13:40
INFO:tensorflow:Saving dict for global step 1800: accuracy = 0.9844, global_step = 1800, loss = 0.04647793
INFO:tensorflow:Calling model_fn.
INFO:tensorflow:Done calling model_fn.
INFO:tensorflow:Create CheckpointSaverHook.
INFO:tensorflow:Graph was finalized.
INFO:tensorflow:Restoring parameters from /tmp/mnist_model/model.ckpt-1800
INFO:tensorflow:Running local_init_op.
INFO:tensorflow:Done running local_init_op.
INFO:tensorflow:Saving checkpoints for 1801 into /tmp/mnist_model/model.ckpt.
INFO:tensorflow:learning_rate = 1e-04, cross_entropy = 0.15228993, train_accuracy = 0.95
INFO:tensorflow:loss = 0.15228993, step = 1801
INFO:tensorflow:global_step/sec: 9.09423
INFO:tensorflow:learning_rate = 1e-04, cross_entropy = 0.058523025, train_accuracy = 0.965 (10.996 sec)
INFO:tensorflow:loss = 0.058523025, step = 1901 (10.996 sec)
INFO:tensorflow:global_step/sec: 9.54762
INFO:tensorflow:learning_rate = 1e-04, cross_entropy = 0.073395245, train_accuracy = 0.96666664 (10.474 sec)
INFO:tensorflow:loss = 0.073395245, step = 2001 (10.474 sec)
INFO:tensorflow:global_step/sec: 9.51345
INFO:tensorflow:learning_rate = 1e-04, cross_entropy = 0.03902064, train_accuracy = 0.9725 (10.511 sec)
INFO:tensorflow:loss = 0.03902064, step = 2101 (10.511 sec)
INFO:tensorflow:global_step/sec: 9.54754
INFO:tensorflow:learning_rate = 1e-04, cross_entropy = 0.049759895, train_accuracy = 0.972 (10.474 sec)
INFO:tensorflow:loss = 0.049759895, step = 2201 (10.474 sec)
INFO:tensorflow:global_step/sec: 9.57387
INFO:tensorflow:learning_rate = 1e-04, cross_entropy = 0.041827403, train_accuracy = 0.97333336 (10.445 sec)
INFO:tensorflow:loss = 0.041827403, step = 2301 (10.445 sec)
INFO:tensorflow:Saving checkpoints for 2400 into /tmp/mnist_model/model.ckpt.
INFO:tensorflow:Loss for final step: 0.06261566.
INFO:tensorflow:Calling model_fn.
INFO:tensorflow:Done calling model_fn.
INFO:tensorflow:Starting evaluation at 2018-07-11-16:14:46
INFO:tensorflow:Graph was finalized.
INFO:tensorflow:Restoring parameters from /tmp/mnist_model/model.ckpt-2400
INFO:tensorflow:Running local_init_op.
INFO:tensorflow:Done running local_init_op.
INFO:tensorflow:Finished evaluation at 2018-07-11-16:14:50
INFO:tensorflow:Saving dict for global step 2400: accuracy = 0.9859, global_step = 2400, loss = 0.04072304
INFO:tensorflow:Calling model_fn.
INFO:tensorflow:Done calling model_fn.
INFO:tensorflow:Create CheckpointSaverHook.
INFO:tensorflow:Graph was finalized.
INFO:tensorflow:Restoring parameters from /tmp/mnist_model/model.ckpt-2400
INFO:tensorflow:Running local_init_op.
INFO:tensorflow:Done running local_init_op.
INFO:tensorflow:Saving checkpoints for 2401 into /tmp/mnist_model/model.ckpt.
INFO:tensorflow:learning_rate = 1e-04, cross_entropy = 0.047741223, train_accuracy = 0.98
INFO:tensorflow:loss = 0.047741223, step = 2401
INFO:tensorflow:global_step/sec: 9.08119
INFO:tensorflow:learning_rate = 1e-04, cross_entropy = 0.021445392, train_accuracy = 0.99 (11.012 sec)
INFO:tensorflow:loss = 0.021445392, step = 2501 (11.012 sec)
INFO:tensorflow:global_step/sec: 9.52098
INFO:tensorflow:learning_rate = 1e-04, cross_entropy = 0.07023281, train_accuracy = 0.99 (10.503 sec)
INFO:tensorflow:loss = 0.07023281, step = 2601 (10.503 sec)
INFO:tensorflow:global_step/sec: 9.5238
INFO:tensorflow:learning_rate = 1e-04, cross_entropy = 0.07811298, train_accuracy = 0.985 (10.500 sec)
INFO:tensorflow:loss = 0.07811298, step = 2701 (10.500 sec)
INFO:tensorflow:global_step/sec: 9.53417
INFO:tensorflow:learning_rate = 1e-04, cross_entropy = 0.081196845, train_accuracy = 0.98 (10.489 sec)
INFO:tensorflow:loss = 0.081196845, step = 2801 (10.489 sec)
INFO:tensorflow:global_step/sec: 9.51868
INFO:tensorflow:learning_rate = 1e-04, cross_entropy = 0.0077092173, train_accuracy = 0.98333335 (10.505 sec)
INFO:tensorflow:loss = 0.0077092173, step = 2901 (10.505 sec)
INFO:tensorflow:Saving checkpoints for 3000 into /tmp/mnist_model/model.ckpt.
INFO:tensorflow:Loss for final step: 0.06580442.
INFO:tensorflow:Calling model_fn.
INFO:tensorflow:Done calling model_fn.
INFO:tensorflow:Starting evaluation at 2018-07-11-16:15:56
INFO:tensorflow:Graph was finalized.
INFO:tensorflow:Restoring parameters from /tmp/mnist_model/model.ckpt-3000
INFO:tensorflow:Running local_init_op.
INFO:tensorflow:Done running local_init_op.
INFO:tensorflow:Finished evaluation at 2018-07-11-16:16:00
INFO:tensorflow:Saving dict for global step 3000: accuracy = 0.9883, global_step = 3000, loss = 0.03521132
INFO:tensorflow:Calling model_fn.
INFO:tensorflow:Done calling model_fn.
INFO:tensorflow:Create CheckpointSaverHook.
INFO:tensorflow:Graph was finalized.
INFO:tensorflow:Restoring parameters from /tmp/mnist_model/model.ckpt-3000
INFO:tensorflow:Running local_init_op.
INFO:tensorflow:Done running local_init_op.
INFO:tensorflow:Saving checkpoints for 3001 into /tmp/mnist_model/model.ckpt.
INFO:tensorflow:learning_rate = 1e-04, cross_entropy = 0.07204502, train_accuracy = 0.98
INFO:tensorflow:loss = 0.07204502, step = 3001
INFO:tensorflow:global_step/sec: 9.09485
INFO:tensorflow:learning_rate = 1e-04, cross_entropy = 0.06546402, train_accuracy = 0.97 (10.996 sec)
INFO:tensorflow:loss = 0.06546402, step = 3101 (10.995 sec)
INFO:tensorflow:global_step/sec: 9.50454
INFO:tensorflow:learning_rate = 1e-04, cross_entropy = 0.031017484, train_accuracy = 0.9766667 (10.521 sec)
INFO:tensorflow:loss = 0.031017484, step = 3201 (10.521 sec)
INFO:tensorflow:global_step/sec: 9.50045
INFO:tensorflow:learning_rate = 1e-04, cross_entropy = 0.062777035, train_accuracy = 0.98 (10.526 sec)
INFO:tensorflow:loss = 0.062777035, step = 3301 (10.526 sec)
INFO:tensorflow:global_step/sec: 9.52533
INFO:tensorflow:learning_rate = 1e-04, cross_entropy = 0.054383002, train_accuracy = 0.982 (10.498 sec)
INFO:tensorflow:loss = 0.054383002, step = 3401 (10.498 sec)
INFO:tensorflow:global_step/sec: 9.51725
INFO:tensorflow:learning_rate = 1e-04, cross_entropy = 0.009001951, train_accuracy = 0.985 (10.507 sec)
INFO:tensorflow:loss = 0.009001951, step = 3501 (10.507 sec)
INFO:tensorflow:Saving checkpoints for 3600 into /tmp/mnist_model/model.ckpt.
INFO:tensorflow:Loss for final step: 0.056446448.
INFO:tensorflow:Calling model_fn.
INFO:tensorflow:Done calling model_fn.
INFO:tensorflow:Starting evaluation at 2018-07-11-16:17:07
INFO:tensorflow:Graph was finalized.
INFO:tensorflow:Restoring parameters from /tmp/mnist_model/model.ckpt-3600
INFO:tensorflow:Running local_init_op.
INFO:tensorflow:Done running local_init_op.
INFO:tensorflow:Finished evaluation at 2018-07-11-16:17:11
INFO:tensorflow:Saving dict for global step 3600: accuracy = 0.9901, global_step = 3600, loss = 0.029841553
INFO:tensorflow:Calling model_fn.
INFO:tensorflow:Done calling model_fn.
INFO:tensorflow:Create CheckpointSaverHook.
INFO:tensorflow:Graph was finalized.
INFO:tensorflow:Restoring parameters from /tmp/mnist_model/model.ckpt-3600
INFO:tensorflow:Running local_init_op.
INFO:tensorflow:Done running local_init_op.
INFO:tensorflow:Saving checkpoints for 3601 into /tmp/mnist_model/model.ckpt.
INFO:tensorflow:learning_rate = 1e-04, cross_entropy = 0.021066532, train_accuracy = 0.99
INFO:tensorflow:loss = 0.021066532, step = 3601
INFO:tensorflow:global_step/sec: 9.10092
INFO:tensorflow:learning_rate = 1e-04, cross_entropy = 0.037986163, train_accuracy = 0.985 (10.988 sec)
INFO:tensorflow:loss = 0.037986163, step = 3701 (10.988 sec)
INFO:tensorflow:global_step/sec: 9.53606
INFO:tensorflow:learning_rate = 1e-04, cross_entropy = 0.022200169, train_accuracy = 0.99 (10.487 sec)
INFO:tensorflow:loss = 0.022200169, step = 3801 (10.487 sec)
INFO:tensorflow:global_step/sec: 9.54439
INFO:tensorflow:learning_rate = 1e-04, cross_entropy = 0.014177049, train_accuracy = 0.9925 (10.477 sec)
INFO:tensorflow:loss = 0.014177049, step = 3901 (10.477 sec)
INFO:tensorflow:global_step/sec: 9.58928
INFO:tensorflow:learning_rate = 1e-04, cross_entropy = 0.024869794, train_accuracy = 0.992 (10.428 sec)
INFO:tensorflow:loss = 0.024869794, step = 4001 (10.428 sec)
INFO:tensorflow:global_step/sec: 9.55444
INFO:tensorflow:learning_rate = 1e-04, cross_entropy = 0.036275804, train_accuracy = 0.9916667 (10.466 sec)
INFO:tensorflow:loss = 0.036275804, step = 4101 (10.466 sec)
INFO:tensorflow:Saving checkpoints for 4200 into /tmp/mnist_model/model.ckpt.
INFO:tensorflow:Loss for final step: 0.071284875.
INFO:tensorflow:Calling model_fn.
INFO:tensorflow:Done calling model_fn.
INFO:tensorflow:Starting evaluation at 2018-07-11-16:18:17
INFO:tensorflow:Graph was finalized.
INFO:tensorflow:Restoring parameters from /tmp/mnist_model/model.ckpt-4200
INFO:tensorflow:Running local_init_op.
INFO:tensorflow:Done running local_init_op.
INFO:tensorflow:Finished evaluation at 2018-07-11-16:18:21
INFO:tensorflow:Saving dict for global step 4200: accuracy = 0.9891, global_step = 4200, loss = 0.029571535
INFO:tensorflow:Calling model_fn.
INFO:tensorflow:Done calling model_fn.
INFO:tensorflow:Create CheckpointSaverHook.
INFO:tensorflow:Graph was finalized.
INFO:tensorflow:Restoring parameters from /tmp/mnist_model/model.ckpt-4200
INFO:tensorflow:Running local_init_op.
INFO:tensorflow:Done running local_init_op.
INFO:tensorflow:Saving checkpoints for 4201 into /tmp/mnist_model/model.ckpt.
INFO:tensorflow:learning_rate = 1e-04, cross_entropy = 0.032119986, train_accuracy = 0.98
INFO:tensorflow:loss = 0.032119986, step = 4201
INFO:tensorflow:global_step/sec: 9.04715
INFO:tensorflow:learning_rate = 1e-04, cross_entropy = 0.030553168, train_accuracy = 0.98 (11.054 sec)
INFO:tensorflow:loss = 0.030553168, step = 4301 (11.053 sec)
INFO:tensorflow:global_step/sec: 9.55422
INFO:tensorflow:learning_rate = 1e-04, cross_entropy = 0.009625426, train_accuracy = 0.9866667 (10.467 sec)
INFO:tensorflow:loss = 0.009625426, step = 4401 (10.467 sec)
INFO:tensorflow:global_step/sec: 9.54655
INFO:tensorflow:learning_rate = 1e-04, cross_entropy = 0.08743769, train_accuracy = 0.985 (10.475 sec)
INFO:tensorflow:loss = 0.08743769, step = 4501 (10.475 sec)
INFO:tensorflow:global_step/sec: 9.53337
INFO:tensorflow:learning_rate = 1e-04, cross_entropy = 0.006625778, train_accuracy = 0.988 (10.489 sec)
INFO:tensorflow:loss = 0.006625778, step = 4601 (10.489 sec)
INFO:tensorflow:global_step/sec: 9.5451
INFO:tensorflow:learning_rate = 1e-04, cross_entropy = 0.018983644, train_accuracy = 0.98833334 (10.477 sec)
INFO:tensorflow:loss = 0.018983644, step = 4701 (10.477 sec)
INFO:tensorflow:Saving checkpoints for 4800 into /tmp/mnist_model/model.ckpt.
INFO:tensorflow:Loss for final step: 0.012550728.
INFO:tensorflow:Calling model_fn.
INFO:tensorflow:Done calling model_fn.
INFO:tensorflow:Starting evaluation at 2018-07-11-16:19:27
INFO:tensorflow:Graph was finalized.
INFO:tensorflow:Restoring parameters from /tmp/mnist_model/model.ckpt-4800
INFO:tensorflow:Running local_init_op.
INFO:tensorflow:Done running local_init_op.
INFO:tensorflow:Finished evaluation at 2018-07-11-16:19:31
INFO:tensorflow:Saving dict for global step 4800: accuracy = 0.9906, global_step = 4800, loss = 0.027179962
INFO:tensorflow:Calling model_fn.
INFO:tensorflow:Done calling model_fn.
INFO:tensorflow:Create CheckpointSaverHook.
INFO:tensorflow:Graph was finalized.
INFO:tensorflow:Restoring parameters from /tmp/mnist_model/model.ckpt-4800
INFO:tensorflow:Running local_init_op.
INFO:tensorflow:Done running local_init_op.
INFO:tensorflow:Saving checkpoints for 4801 into /tmp/mnist_model/model.ckpt.
INFO:tensorflow:learning_rate = 1e-04, cross_entropy = 0.030505745, train_accuracy = 0.98
INFO:tensorflow:loss = 0.030505745, step = 4801
INFO:tensorflow:global_step/sec: 9.05821
INFO:tensorflow:learning_rate = 1e-04, cross_entropy = 0.01981971, train_accuracy = 0.985 (11.040 sec)
INFO:tensorflow:loss = 0.01981971, step = 4901 (11.040 sec)
INFO:tensorflow:global_step/sec: 9.45576
INFO:tensorflow:learning_rate = 1e-04, cross_entropy = 0.10317616, train_accuracy = 0.9766667 (10.576 sec)
INFO:tensorflow:loss = 0.10317616, step = 5001 (10.576 sec)
INFO:tensorflow:global_step/sec: 9.47883
INFO:tensorflow:learning_rate = 1e-04, cross_entropy = 0.016287396, train_accuracy = 0.9825 (10.550 sec)
INFO:tensorflow:loss = 0.016287396, step = 5101 (10.550 sec)
INFO:tensorflow:global_step/sec: 9.52277
INFO:tensorflow:learning_rate = 1e-04, cross_entropy = 0.00900217, train_accuracy = 0.986 (10.501 sec)
INFO:tensorflow:loss = 0.00900217, step = 5201 (10.501 sec)
INFO:tensorflow:global_step/sec: 9.53912
INFO:tensorflow:learning_rate = 1e-04, cross_entropy = 0.038407583, train_accuracy = 0.985 (10.483 sec)
INFO:tensorflow:loss = 0.038407583, step = 5301 (10.483 sec)
INFO:tensorflow:Saving checkpoints for 5400 into /tmp/mnist_model/model.ckpt.
INFO:tensorflow:Loss for final step: 0.015007993.
INFO:tensorflow:Calling model_fn.
INFO:tensorflow:Done calling model_fn.
INFO:tensorflow:Starting evaluation at 2018-07-11-16:20:37
INFO:tensorflow:Graph was finalized.
INFO:tensorflow:Restoring parameters from /tmp/mnist_model/model.ckpt-5400
INFO:tensorflow:Running local_init_op.
INFO:tensorflow:Done running local_init_op.
INFO:tensorflow:Finished evaluation at 2018-07-11-16:20:41
INFO:tensorflow:Saving dict for global step 5400: accuracy = 0.9906, global_step = 5400, loss = 0.027761452
INFO:tensorflow:Calling model_fn.
INFO:tensorflow:Done calling model_fn.
INFO:tensorflow:Create CheckpointSaverHook.
INFO:tensorflow:Graph was finalized.
INFO:tensorflow:Restoring parameters from /tmp/mnist_model/model.ckpt-5400
INFO:tensorflow:Running local_init_op.
INFO:tensorflow:Done running local_init_op.
INFO:tensorflow:Saving checkpoints for 5401 into /tmp/mnist_model/model.ckpt.
INFO:tensorflow:learning_rate = 1e-04, cross_entropy = 0.0030513143, train_accuracy = 1.0
INFO:tensorflow:loss = 0.0030513143, step = 5401
INFO:tensorflow:global_step/sec: 9.04619
INFO:tensorflow:learning_rate = 1e-04, cross_entropy = 0.042353988, train_accuracy = 0.99 (11.055 sec)
INFO:tensorflow:loss = 0.042353988, step = 5501 (11.055 sec)
INFO:tensorflow:global_step/sec: 9.50371
INFO:tensorflow:learning_rate = 1e-04, cross_entropy = 0.022402, train_accuracy = 0.99 (10.522 sec)
INFO:tensorflow:loss = 0.022402, step = 5601 (10.522 sec)
INFO:tensorflow:global_step/sec: 9.50251
INFO:tensorflow:learning_rate = 1e-04, cross_entropy = 0.0026236952, train_accuracy = 0.9925 (10.524 sec)
INFO:tensorflow:loss = 0.0026236952, step = 5701 (10.524 sec)
INFO:tensorflow:global_step/sec: 9.50659
INFO:tensorflow:learning_rate = 1e-04, cross_entropy = 0.004581207, train_accuracy = 0.994 (10.519 sec)
INFO:tensorflow:loss = 0.004581207, step = 5801 (10.519 sec)
INFO:tensorflow:global_step/sec: 9.55217
INFO:tensorflow:learning_rate = 1e-04, cross_entropy = 0.0010936208, train_accuracy = 0.995 (10.469 sec)
INFO:tensorflow:loss = 0.0010936208, step = 5901 (10.469 sec)
INFO:tensorflow:Saving checkpoints for 6000 into /tmp/mnist_model/model.ckpt.
INFO:tensorflow:Loss for final step: 0.026881004.
INFO:tensorflow:Calling model_fn.
INFO:tensorflow:Done calling model_fn.
INFO:tensorflow:Starting evaluation at 2018-07-11-16:21:48
INFO:tensorflow:Graph was finalized.
INFO:tensorflow:Restoring parameters from /tmp/mnist_model/model.ckpt-6000
INFO:tensorflow:Running local_init_op.
INFO:tensorflow:Done running local_init_op.
INFO:tensorflow:Finished evaluation at 2018-07-11-16:21:52
INFO:tensorflow:Saving dict for global step 6000: accuracy = 0.9918, global_step = 6000, loss = 0.023429774
INFO:tensorflow:Calling model_fn.
INFO:tensorflow:Done calling model_fn.
INFO:tensorflow:Create CheckpointSaverHook.
INFO:tensorflow:Graph was finalized.
INFO:tensorflow:Restoring parameters from /tmp/mnist_model/model.ckpt-6000
INFO:tensorflow:Running local_init_op.
INFO:tensorflow:Done running local_init_op.
INFO:tensorflow:Saving checkpoints for 6001 into /tmp/mnist_model/model.ckpt.
INFO:tensorflow:learning_rate = 1e-04, cross_entropy = 0.008575456, train_accuracy = 1.0
INFO:tensorflow:loss = 0.008575456, step = 6001
INFO:tensorflow:global_step/sec: 9.11617
INFO:tensorflow:learning_rate = 1e-04, cross_entropy = 0.006400949, train_accuracy = 1.0 (10.970 sec)
INFO:tensorflow:loss = 0.006400949, step = 6101 (10.970 sec)
INFO:tensorflow:global_step/sec: 9.53154
INFO:tensorflow:learning_rate = 1e-04, cross_entropy = 0.027981952, train_accuracy = 0.99666667 (10.491 sec)
INFO:tensorflow:loss = 0.027981952, step = 6201 (10.491 sec)
INFO:tensorflow:global_step/sec: 9.52839
INFO:tensorflow:learning_rate = 1e-04, cross_entropy = 0.0051704897, train_accuracy = 0.9975 (10.495 sec)
INFO:tensorflow:loss = 0.0051704897, step = 6301 (10.495 sec)
INFO:tensorflow:global_step/sec: 9.53905
INFO:tensorflow:learning_rate = 1e-04, cross_entropy = 0.014420276, train_accuracy = 0.998 (10.483 sec)
INFO:tensorflow:loss = 0.014420276, step = 6401 (10.483 sec)
INFO:tensorflow:global_step/sec: 9.52257
INFO:tensorflow:learning_rate = 1e-04, cross_entropy = 0.06058157, train_accuracy = 0.995 (10.501 sec)
INFO:tensorflow:loss = 0.06058157, step = 6501 (10.501 sec)
INFO:tensorflow:Saving checkpoints for 6600 into /tmp/mnist_model/model.ckpt.
INFO:tensorflow:Loss for final step: 0.00655392.
INFO:tensorflow:Calling model_fn.
INFO:tensorflow:Done calling model_fn.
INFO:tensorflow:Starting evaluation at 2018-07-11-16:22:58
INFO:tensorflow:Graph was finalized.
INFO:tensorflow:Restoring parameters from /tmp/mnist_model/model.ckpt-6600
INFO:tensorflow:Running local_init_op.
INFO:tensorflow:Done running local_init_op.
INFO:tensorflow:Finished evaluation at 2018-07-11-16:23:02
INFO:tensorflow:Saving dict for global step 6600: accuracy = 0.9918, global_step = 6600, loss = 0.022690587
INFO:tensorflow:Calling model_fn.
INFO:tensorflow:Done calling model_fn.
INFO:tensorflow:Create CheckpointSaverHook.
INFO:tensorflow:Graph was finalized.
INFO:tensorflow:Restoring parameters from /tmp/mnist_model/model.ckpt-6600
INFO:tensorflow:Running local_init_op.
INFO:tensorflow:Done running local_init_op.
INFO:tensorflow:Saving checkpoints for 6601 into /tmp/mnist_model/model.ckpt.
INFO:tensorflow:learning_rate = 1e-04, cross_entropy = 0.0049974215, train_accuracy = 1.0
INFO:tensorflow:loss = 0.0049974215, step = 6601
INFO:tensorflow:global_step/sec: 9.10119
INFO:tensorflow:learning_rate = 1e-04, cross_entropy = 0.007218416, train_accuracy = 1.0 (10.988 sec)
INFO:tensorflow:loss = 0.007218416, step = 6701 (10.988 sec)
INFO:tensorflow:global_step/sec: 9.51401
INFO:tensorflow:learning_rate = 1e-04, cross_entropy = 0.0039663482, train_accuracy = 1.0 (10.511 sec)
INFO:tensorflow:loss = 0.0039663482, step = 6801 (10.511 sec)
INFO:tensorflow:global_step/sec: 9.52285
INFO:tensorflow:learning_rate = 1e-04, cross_entropy = 0.0065917475, train_accuracy = 1.0 (10.501 sec)
INFO:tensorflow:loss = 0.0065917475, step = 6901 (10.501 sec)
INFO:tensorflow:global_step/sec: 9.52392
INFO:tensorflow:learning_rate = 1e-04, cross_entropy = 0.004052381, train_accuracy = 1.0 (10.500 sec)
INFO:tensorflow:loss = 0.004052381, step = 7001 (10.500 sec)
INFO:tensorflow:global_step/sec: 9.61737
INFO:tensorflow:learning_rate = 1e-04, cross_entropy = 0.00823169, train_accuracy = 1.0 (10.398 sec)
INFO:tensorflow:loss = 0.00823169, step = 7101 (10.398 sec)
INFO:tensorflow:Saving checkpoints for 7200 into /tmp/mnist_model/model.ckpt.
INFO:tensorflow:Loss for final step: 0.023499684.
INFO:tensorflow:Calling model_fn.
INFO:tensorflow:Done calling model_fn.
INFO:tensorflow:Starting evaluation at 2018-07-11-16:24:08
INFO:tensorflow:Graph was finalized.
INFO:tensorflow:Restoring parameters from /tmp/mnist_model/model.ckpt-7200
INFO:tensorflow:Running local_init_op.
INFO:tensorflow:Done running local_init_op.
INFO:tensorflow:Finished evaluation at 2018-07-11-16:24:12
INFO:tensorflow:Saving dict for global step 7200: accuracy = 0.9928, global_step = 7200, loss = 0.021346152
INFO:tensorflow:Calling model_fn.
INFO:tensorflow:Done calling model_fn.
INFO:tensorflow:Create CheckpointSaverHook.
INFO:tensorflow:Graph was finalized.
INFO:tensorflow:Restoring parameters from /tmp/mnist_model/model.ckpt-7200
INFO:tensorflow:Running local_init_op.
INFO:tensorflow:Done running local_init_op.
INFO:tensorflow:Saving checkpoints for 7201 into /tmp/mnist_model/model.ckpt.
INFO:tensorflow:learning_rate = 1e-04, cross_entropy = 0.005590416, train_accuracy = 1.0
INFO:tensorflow:loss = 0.005590416, step = 7201
INFO:tensorflow:global_step/sec: 9.28924
INFO:tensorflow:learning_rate = 1e-04, cross_entropy = 0.027906293, train_accuracy = 0.995 (10.766 sec)
INFO:tensorflow:loss = 0.027906293, step = 7301 (10.766 sec)
INFO:tensorflow:global_step/sec: 9.68943
INFO:tensorflow:learning_rate = 1e-04, cross_entropy = 0.0013158392, train_accuracy = 0.99666667 (10.320 sec)
INFO:tensorflow:loss = 0.0013158392, step = 7401 (10.320 sec)
INFO:tensorflow:global_step/sec: 9.7286
INFO:tensorflow:learning_rate = 1e-04, cross_entropy = 0.008987809, train_accuracy = 0.9975 (10.279 sec)
INFO:tensorflow:loss = 0.008987809, step = 7501 (10.279 sec)
INFO:tensorflow:global_step/sec: 9.70235
INFO:tensorflow:learning_rate = 1e-04, cross_entropy = 0.018567307, train_accuracy = 0.996 (10.307 sec)
INFO:tensorflow:loss = 0.018567307, step = 7601 (10.307 sec)
INFO:tensorflow:global_step/sec: 9.72869
INFO:tensorflow:learning_rate = 1e-04, cross_entropy = 0.0083105005, train_accuracy = 0.99666667 (10.279 sec)
INFO:tensorflow:loss = 0.0083105005, step = 7701 (10.279 sec)
INFO:tensorflow:Saving checkpoints for 7800 into /tmp/mnist_model/model.ckpt.
INFO:tensorflow:Loss for final step: 0.015759774.
INFO:tensorflow:Calling model_fn.
INFO:tensorflow:Done calling model_fn.
INFO:tensorflow:Starting evaluation at 2018-07-11-16:25:17
INFO:tensorflow:Graph was finalized.
INFO:tensorflow:Restoring parameters from /tmp/mnist_model/model.ckpt-7800
INFO:tensorflow:Running local_init_op.
INFO:tensorflow:Done running local_init_op.
INFO:tensorflow:Finished evaluation at 2018-07-11-16:25:21
INFO:tensorflow:Saving dict for global step 7800: accuracy = 0.9922, global_step = 7800, loss = 0.021763938
INFO:tensorflow:Calling model_fn.
INFO:tensorflow:Done calling model_fn.
INFO:tensorflow:Create CheckpointSaverHook.
INFO:tensorflow:Graph was finalized.
INFO:tensorflow:Restoring parameters from /tmp/mnist_model/model.ckpt-7800
INFO:tensorflow:Running local_init_op.
INFO:tensorflow:Done running local_init_op.
INFO:tensorflow:Saving checkpoints for 7801 into /tmp/mnist_model/model.ckpt.
INFO:tensorflow:learning_rate = 1e-04, cross_entropy = 0.003111804, train_accuracy = 1.0
INFO:tensorflow:loss = 0.003111804, step = 7801
INFO:tensorflow:global_step/sec: 9.2783
INFO:tensorflow:learning_rate = 1e-04, cross_entropy = 0.02345941, train_accuracy = 0.99 (10.778 sec)
INFO:tensorflow:loss = 0.02345941, step = 7901 (10.778 sec)
INFO:tensorflow:global_step/sec: 9.67964
INFO:tensorflow:learning_rate = 1e-04, cross_entropy = 0.038246345, train_accuracy = 0.9866667 (10.331 sec)
INFO:tensorflow:loss = 0.038246345, step = 8001 (10.331 sec)
INFO:tensorflow:global_step/sec: 9.75894
INFO:tensorflow:learning_rate = 1e-04, cross_entropy = 0.008399929, train_accuracy = 0.99 (10.247 sec)
INFO:tensorflow:loss = 0.008399929, step = 8101 (10.247 sec)
INFO:tensorflow:global_step/sec: 9.7219
INFO:tensorflow:learning_rate = 1e-04, cross_entropy = 0.0009548058, train_accuracy = 0.992 (10.286 sec)
INFO:tensorflow:loss = 0.0009548058, step = 8201 (10.286 sec)
INFO:tensorflow:global_step/sec: 9.69873
INFO:tensorflow:learning_rate = 1e-04, cross_entropy = 0.0018920242, train_accuracy = 0.99333334 (10.311 sec)
INFO:tensorflow:loss = 0.0018920242, step = 8301 (10.311 sec)
INFO:tensorflow:Saving checkpoints for 8400 into /tmp/mnist_model/model.ckpt.
INFO:tensorflow:Loss for final step: 0.008773443.
INFO:tensorflow:Calling model_fn.
INFO:tensorflow:Done calling model_fn.
INFO:tensorflow:Starting evaluation at 2018-07-11-16:26:26
INFO:tensorflow:Graph was finalized.
INFO:tensorflow:Restoring parameters from /tmp/mnist_model/model.ckpt-8400
INFO:tensorflow:Running local_init_op.
INFO:tensorflow:Done running local_init_op.
INFO:tensorflow:Finished evaluation at 2018-07-11-16:26:30
INFO:tensorflow:Saving dict for global step 8400: accuracy = 0.9928, global_step = 8400, loss = 0.020362487
INFO:tensorflow:Calling model_fn.
INFO:tensorflow:Done calling model_fn.
INFO:tensorflow:Create CheckpointSaverHook.
INFO:tensorflow:Graph was finalized.
INFO:tensorflow:Restoring parameters from /tmp/mnist_model/model.ckpt-8400
INFO:tensorflow:Running local_init_op.
INFO:tensorflow:Done running local_init_op.
INFO:tensorflow:Saving checkpoints for 8401 into /tmp/mnist_model/model.ckpt.
INFO:tensorflow:learning_rate = 1e-04, cross_entropy = 0.008792025, train_accuracy = 1.0
INFO:tensorflow:loss = 0.008792025, step = 8401
INFO:tensorflow:global_step/sec: 9.2816
INFO:tensorflow:learning_rate = 1e-04, cross_entropy = 0.013091844, train_accuracy = 1.0 (10.774 sec)
INFO:tensorflow:loss = 0.013091844, step = 8501 (10.774 sec)
INFO:tensorflow:global_step/sec: 9.71417
INFO:tensorflow:learning_rate = 1e-04, cross_entropy = 0.0055041555, train_accuracy = 1.0 (10.294 sec)
INFO:tensorflow:loss = 0.0055041555, step = 8601 (10.294 sec)
INFO:tensorflow:global_step/sec: 9.66188
INFO:tensorflow:learning_rate = 1e-04, cross_entropy = 0.007413558, train_accuracy = 1.0 (10.350 sec)
INFO:tensorflow:loss = 0.007413558, step = 8701 (10.350 sec)
INFO:tensorflow:global_step/sec: 9.6651
INFO:tensorflow:learning_rate = 1e-04, cross_entropy = 0.0043322826, train_accuracy = 1.0 (10.346 sec)
INFO:tensorflow:loss = 0.0043322826, step = 8801 (10.346 sec)
INFO:tensorflow:global_step/sec: 9.68609
INFO:tensorflow:learning_rate = 1e-04, cross_entropy = 0.007966425, train_accuracy = 1.0 (10.324 sec)
INFO:tensorflow:loss = 0.007966425, step = 8901 (10.324 sec)
INFO:tensorflow:Saving checkpoints for 9000 into /tmp/mnist_model/model.ckpt.
INFO:tensorflow:Loss for final step: 0.0031647212.
INFO:tensorflow:Calling model_fn.
INFO:tensorflow:Done calling model_fn.
INFO:tensorflow:Starting evaluation at 2018-07-11-16:27:35
INFO:tensorflow:Graph was finalized.
INFO:tensorflow:Restoring parameters from /tmp/mnist_model/model.ckpt-9000
INFO:tensorflow:Running local_init_op.
INFO:tensorflow:Done running local_init_op.
INFO:tensorflow:Finished evaluation at 2018-07-11-16:27:39
INFO:tensorflow:Saving dict for global step 9000: accuracy = 0.9927, global_step = 9000, loss = 0.02063705
INFO:tensorflow:Calling model_fn.
INFO:tensorflow:Done calling model_fn.
INFO:tensorflow:Create CheckpointSaverHook.
INFO:tensorflow:Graph was finalized.
INFO:tensorflow:Restoring parameters from /tmp/mnist_model/model.ckpt-9000
INFO:tensorflow:Running local_init_op.
INFO:tensorflow:Done running local_init_op.
INFO:tensorflow:Saving checkpoints for 9001 into /tmp/mnist_model/model.ckpt.
INFO:tensorflow:learning_rate = 1e-04, cross_entropy = 0.035257444, train_accuracy = 0.98
INFO:tensorflow:loss = 0.035257444, step = 9001
INFO:tensorflow:global_step/sec: 9.20864
INFO:tensorflow:learning_rate = 1e-04, cross_entropy = 0.025696374, train_accuracy = 0.985 (10.860 sec)
INFO:tensorflow:loss = 0.025696374, step = 9101 (10.859 sec)
INFO:tensorflow:global_step/sec: 9.65318
INFO:tensorflow:learning_rate = 1e-04, cross_entropy = 0.0016703138, train_accuracy = 0.99 (10.359 sec)
INFO:tensorflow:loss = 0.0016703138, step = 9201 (10.359 sec)
INFO:tensorflow:global_step/sec: 9.69131
INFO:tensorflow:learning_rate = 1e-04, cross_entropy = 0.018338988, train_accuracy = 0.99 (10.318 sec)
INFO:tensorflow:loss = 0.018338988, step = 9301 (10.318 sec)
INFO:tensorflow:global_step/sec: 9.69908
INFO:tensorflow:learning_rate = 1e-04, cross_entropy = 0.010816608, train_accuracy = 0.99 (10.310 sec)
INFO:tensorflow:loss = 0.010816608, step = 9401 (10.310 sec)
INFO:tensorflow:global_step/sec: 9.66448
INFO:tensorflow:learning_rate = 1e-04, cross_entropy = 0.0040345993, train_accuracy = 0.9916667 (10.347 sec)
INFO:tensorflow:loss = 0.0040345993, step = 9501 (10.347 sec)
INFO:tensorflow:Saving checkpoints for 9600 into /tmp/mnist_model/model.ckpt.
INFO:tensorflow:Loss for final step: 0.0058152084.
INFO:tensorflow:Calling model_fn.
INFO:tensorflow:Done calling model_fn.
INFO:tensorflow:Starting evaluation at 2018-07-11-16:28:45
INFO:tensorflow:Graph was finalized.
INFO:tensorflow:Restoring parameters from /tmp/mnist_model/model.ckpt-9600
INFO:tensorflow:Running local_init_op.
INFO:tensorflow:Done running local_init_op.
INFO:tensorflow:Finished evaluation at 2018-07-11-16:28:48
INFO:tensorflow:Saving dict for global step 9600: accuracy = 0.9924, global_step = 9600, loss = 0.020149058
INFO:tensorflow:Calling model_fn.
INFO:tensorflow:Done calling model_fn.
INFO:tensorflow:Create CheckpointSaverHook.
INFO:tensorflow:Graph was finalized.
INFO:tensorflow:Restoring parameters from /tmp/mnist_model/model.ckpt-9600
INFO:tensorflow:Running local_init_op.
INFO:tensorflow:Done running local_init_op.
INFO:tensorflow:Saving checkpoints for 9601 into /tmp/mnist_model/model.ckpt.
INFO:tensorflow:learning_rate = 1e-04, cross_entropy = 0.02010358, train_accuracy = 0.99
INFO:tensorflow:loss = 0.02010358, step = 9601
INFO:tensorflow:global_step/sec: 9.17318
INFO:tensorflow:learning_rate = 1e-04, cross_entropy = 0.027684815, train_accuracy = 0.99 (10.902 sec)
INFO:tensorflow:loss = 0.027684815, step = 9701 (10.901 sec)
INFO:tensorflow:global_step/sec: 9.6054
INFO:tensorflow:learning_rate = 1e-04, cross_entropy = 0.032483973, train_accuracy = 0.9866667 (10.411 sec)
INFO:tensorflow:loss = 0.032483973, step = 9801 (10.411 sec)
INFO:tensorflow:global_step/sec: 9.64513
INFO:tensorflow:learning_rate = 1e-04, cross_entropy = 0.0029957748, train_accuracy = 0.99 (10.368 sec)
INFO:tensorflow:loss = 0.0029957748, step = 9901 (10.368 sec)
INFO:tensorflow:global_step/sec: 9.6497
INFO:tensorflow:learning_rate = 1e-04, cross_entropy = 0.006298861, train_accuracy = 0.992 (10.363 sec)
INFO:tensorflow:loss = 0.006298861, step = 10001 (10.363 sec)
INFO:tensorflow:global_step/sec: 9.60107
INFO:tensorflow:learning_rate = 1e-04, cross_entropy = 0.009474776, train_accuracy = 0.99333334 (10.416 sec)
INFO:tensorflow:loss = 0.009474776, step = 10101 (10.416 sec)
INFO:tensorflow:Saving checkpoints for 10200 into /tmp/mnist_model/model.ckpt.
INFO:tensorflow:Loss for final step: 0.004112066.
INFO:tensorflow:Calling model_fn.
INFO:tensorflow:Done calling model_fn.
INFO:tensorflow:Starting evaluation at 2018-07-11-16:29:54
INFO:tensorflow:Graph was finalized.
INFO:tensorflow:Restoring parameters from /tmp/mnist_model/model.ckpt-10200
INFO:tensorflow:Running local_init_op.
INFO:tensorflow:Done running local_init_op.
INFO:tensorflow:Finished evaluation at 2018-07-11-16:29:58
INFO:tensorflow:Saving dict for global step 10200: accuracy = 0.9928, global_step = 10200, loss = 0.020759372
INFO:tensorflow:Calling model_fn.
INFO:tensorflow:Done calling model_fn.
INFO:tensorflow:Create CheckpointSaverHook.
INFO:tensorflow:Graph was finalized.
INFO:tensorflow:Restoring parameters from /tmp/mnist_model/model.ckpt-10200
INFO:tensorflow:Running local_init_op.
INFO:tensorflow:Done running local_init_op.
INFO:tensorflow:Saving checkpoints for 10201 into /tmp/mnist_model/model.ckpt.
INFO:tensorflow:learning_rate = 1e-04, cross_entropy = 0.01565506, train_accuracy = 0.99
INFO:tensorflow:loss = 0.01565506, step = 10201
INFO:tensorflow:global_step/sec: 9.23704
INFO:tensorflow:learning_rate = 1e-04, cross_entropy = 0.0019013691, train_accuracy = 0.995 (10.826 sec)
INFO:tensorflow:loss = 0.0019013691, step = 10301 (10.826 sec)
INFO:tensorflow:global_step/sec: 9.66019
INFO:tensorflow:learning_rate = 1e-04, cross_entropy = 0.0059471224, train_accuracy = 0.99666667 (10.352 sec)
INFO:tensorflow:loss = 0.0059471224, step = 10401 (10.352 sec)
INFO:tensorflow:global_step/sec: 9.63827
INFO:tensorflow:learning_rate = 1e-04, cross_entropy = 0.01662694, train_accuracy = 0.995 (10.375 sec)
INFO:tensorflow:loss = 0.01662694, step = 10501 (10.375 sec)
INFO:tensorflow:global_step/sec: 9.68438
INFO:tensorflow:learning_rate = 1e-04, cross_entropy = 0.0013535997, train_accuracy = 0.996 (10.326 sec)
INFO:tensorflow:loss = 0.0013535997, step = 10601 (10.326 sec)
INFO:tensorflow:global_step/sec: 9.66359
INFO:tensorflow:learning_rate = 1e-04, cross_entropy = 0.0016147863, train_accuracy = 0.99666667 (10.348 sec)
INFO:tensorflow:loss = 0.0016147863, step = 10701 (10.348 sec)
INFO:tensorflow:Saving checkpoints for 10800 into /tmp/mnist_model/model.ckpt.
INFO:tensorflow:Loss for final step: 0.00571061.
INFO:tensorflow:Calling model_fn.
INFO:tensorflow:Done calling model_fn.
INFO:tensorflow:Starting evaluation at 2018-07-11-16:31:03
INFO:tensorflow:Graph was finalized.
INFO:tensorflow:Restoring parameters from /tmp/mnist_model/model.ckpt-10800
INFO:tensorflow:Running local_init_op.
INFO:tensorflow:Done running local_init_op.
INFO:tensorflow:Finished evaluation at 2018-07-11-16:31:07
INFO:tensorflow:Saving dict for global step 10800: accuracy = 0.9922, global_step = 10800, loss = 0.022000482
INFO:tensorflow:Calling model_fn.
INFO:tensorflow:Done calling model_fn.
INFO:tensorflow:Create CheckpointSaverHook.
INFO:tensorflow:Graph was finalized.
INFO:tensorflow:Restoring parameters from /tmp/mnist_model/model.ckpt-10800
INFO:tensorflow:Running local_init_op.
INFO:tensorflow:Done running local_init_op.
INFO:tensorflow:Saving checkpoints for 10801 into /tmp/mnist_model/model.ckpt.
INFO:tensorflow:learning_rate = 1e-04, cross_entropy = 0.010684188, train_accuracy = 1.0
INFO:tensorflow:loss = 0.010684188, step = 10801
INFO:tensorflow:global_step/sec: 9.28376
INFO:tensorflow:learning_rate = 1e-04, cross_entropy = 0.00068793626, train_accuracy = 1.0 (10.772 sec)
INFO:tensorflow:loss = 0.00068793626, step = 10901 (10.772 sec)
INFO:tensorflow:global_step/sec: 9.70923
INFO:tensorflow:learning_rate = 1e-04, cross_entropy = 0.042589054, train_accuracy = 0.99 (10.299 sec)
INFO:tensorflow:loss = 0.042589054, step = 11001 (10.299 sec)
INFO:tensorflow:global_step/sec: 9.69927
INFO:tensorflow:learning_rate = 1e-04, cross_entropy = 0.0030461636, train_accuracy = 0.9925 (10.310 sec)
INFO:tensorflow:loss = 0.0030461636, step = 11101 (10.310 sec)
INFO:tensorflow:global_step/sec: 9.6946
INFO:tensorflow:learning_rate = 1e-04, cross_entropy = 0.0020117173, train_accuracy = 0.994 (10.315 sec)
INFO:tensorflow:loss = 0.0020117173, step = 11201 (10.315 sec)
INFO:tensorflow:global_step/sec: 9.67115
INFO:tensorflow:learning_rate = 1e-04, cross_entropy = 0.004550071, train_accuracy = 0.995 (10.340 sec)
INFO:tensorflow:loss = 0.004550071, step = 11301 (10.340 sec)
INFO:tensorflow:Saving checkpoints for 11400 into /tmp/mnist_model/model.ckpt.
INFO:tensorflow:Loss for final step: 0.016199013.
INFO:tensorflow:Calling model_fn.
INFO:tensorflow:Done calling model_fn.
INFO:tensorflow:Starting evaluation at 2018-07-11-16:32:12
INFO:tensorflow:Graph was finalized.
INFO:tensorflow:Restoring parameters from /tmp/mnist_model/model.ckpt-11400
INFO:tensorflow:Running local_init_op.
INFO:tensorflow:Done running local_init_op.
INFO:tensorflow:Finished evaluation at 2018-07-11-16:32:16
INFO:tensorflow:Saving dict for global step 11400: accuracy = 0.9917, global_step = 11400, loss = 0.022758955
INFO:tensorflow:Calling model_fn.
INFO:tensorflow:Done calling model_fn.
INFO:tensorflow:Create CheckpointSaverHook.
INFO:tensorflow:Graph was finalized.
INFO:tensorflow:Restoring parameters from /tmp/mnist_model/model.ckpt-11400
INFO:tensorflow:Running local_init_op.
INFO:tensorflow:Done running local_init_op.
INFO:tensorflow:Saving checkpoints for 11401 into /tmp/mnist_model/model.ckpt.
INFO:tensorflow:learning_rate = 1e-04, cross_entropy = 0.015970053, train_accuracy = 0.99
INFO:tensorflow:loss = 0.015970053, step = 11401
INFO:tensorflow:global_step/sec: 9.24076
INFO:tensorflow:learning_rate = 1e-04, cross_entropy = 0.007213316, train_accuracy = 0.995 (10.822 sec)
INFO:tensorflow:loss = 0.007213316, step = 11501 (10.822 sec)
INFO:tensorflow:global_step/sec: 9.66959
INFO:tensorflow:learning_rate = 1e-04, cross_entropy = 0.008951637, train_accuracy = 0.99333334 (10.342 sec)
INFO:tensorflow:loss = 0.008951637, step = 11601 (10.342 sec)
INFO:tensorflow:global_step/sec: 9.72118
INFO:tensorflow:learning_rate = 1e-04, cross_entropy = 0.006564494, train_accuracy = 0.995 (10.287 sec)
INFO:tensorflow:loss = 0.006564494, step = 11701 (10.287 sec)
INFO:tensorflow:global_step/sec: 9.68407
INFO:tensorflow:learning_rate = 1e-04, cross_entropy = 0.0005935017, train_accuracy = 0.996 (10.326 sec)
INFO:tensorflow:loss = 0.0005935017, step = 11801 (10.326 sec)
INFO:tensorflow:global_step/sec: 9.69482
INFO:tensorflow:learning_rate = 1e-04, cross_entropy = 0.00074345263, train_accuracy = 0.99666667 (10.315 sec)
INFO:tensorflow:loss = 0.00074345263, step = 11901 (10.315 sec)
INFO:tensorflow:Saving checkpoints for 12000 into /tmp/mnist_model/model.ckpt.
INFO:tensorflow:Loss for final step: 0.0096598165.
INFO:tensorflow:Calling model_fn.
INFO:tensorflow:Done calling model_fn.
INFO:tensorflow:Starting evaluation at 2018-07-11-16:33:21
INFO:tensorflow:Graph was finalized.
INFO:tensorflow:Restoring parameters from /tmp/mnist_model/model.ckpt-12000
INFO:tensorflow:Running local_init_op.
INFO:tensorflow:Done running local_init_op.
INFO:tensorflow:Finished evaluation at 2018-07-11-16:33:25
INFO:tensorflow:Saving dict for global step 12000: accuracy = 0.9927, global_step = 12000, loss = 0.022480108
INFO:tensorflow:Calling model_fn.
INFO:tensorflow:Done calling model_fn.
INFO:tensorflow:Create CheckpointSaverHook.
INFO:tensorflow:Graph was finalized.
INFO:tensorflow:Restoring parameters from /tmp/mnist_model/model.ckpt-12000
INFO:tensorflow:Running local_init_op.
INFO:tensorflow:Done running local_init_op.
INFO:tensorflow:Saving checkpoints for 12001 into /tmp/mnist_model/model.ckpt.
INFO:tensorflow:learning_rate = 1e-04, cross_entropy = 0.002178408, train_accuracy = 1.0
INFO:tensorflow:loss = 0.002178408, step = 12001
INFO:tensorflow:global_step/sec: 9.2628
INFO:tensorflow:learning_rate = 1e-04, cross_entropy = 0.0011015668, train_accuracy = 1.0 (10.796 sec)
INFO:tensorflow:loss = 0.0011015668, step = 12101 (10.796 sec)
INFO:tensorflow:global_step/sec: 9.69267
INFO:tensorflow:learning_rate = 1e-04, cross_entropy = 0.032022983, train_accuracy = 0.99333334 (10.317 sec)
INFO:tensorflow:loss = 0.032022983, step = 12201 (10.317 sec)
INFO:tensorflow:global_step/sec: 9.66155
INFO:tensorflow:learning_rate = 1e-04, cross_entropy = 0.011516602, train_accuracy = 0.9925 (10.350 sec)
INFO:tensorflow:loss = 0.011516602, step = 12301 (10.350 sec)
INFO:tensorflow:global_step/sec: 9.69358
INFO:tensorflow:learning_rate = 1e-04, cross_entropy = 0.026540611, train_accuracy = 0.992 (10.316 sec)
INFO:tensorflow:loss = 0.026540611, step = 12401 (10.316 sec)
INFO:tensorflow:global_step/sec: 9.66333
INFO:tensorflow:learning_rate = 1e-04, cross_entropy = 0.0003747592, train_accuracy = 0.99333334 (10.348 sec)
INFO:tensorflow:loss = 0.0003747592, step = 12501 (10.348 sec)
INFO:tensorflow:Saving checkpoints for 12600 into /tmp/mnist_model/model.ckpt.
INFO:tensorflow:Loss for final step: 0.0014852824.
INFO:tensorflow:Calling model_fn.
INFO:tensorflow:Done calling model_fn.
INFO:tensorflow:Starting evaluation at 2018-07-11-16:34:30
INFO:tensorflow:Graph was finalized.
INFO:tensorflow:Restoring parameters from /tmp/mnist_model/model.ckpt-12600
INFO:tensorflow:Running local_init_op.
INFO:tensorflow:Done running local_init_op.
INFO:tensorflow:Finished evaluation at 2018-07-11-16:34:34
INFO:tensorflow:Saving dict for global step 12600: accuracy = 0.993, global_step = 12600, loss = 0.022244887
INFO:tensorflow:Calling model_fn.
INFO:tensorflow:Done calling model_fn.
INFO:tensorflow:Create CheckpointSaverHook.
INFO:tensorflow:Graph was finalized.
INFO:tensorflow:Restoring parameters from /tmp/mnist_model/model.ckpt-12600
INFO:tensorflow:Running local_init_op.
INFO:tensorflow:Done running local_init_op.
INFO:tensorflow:Saving checkpoints for 12601 into /tmp/mnist_model/model.ckpt.
INFO:tensorflow:learning_rate = 1e-04, cross_entropy = 0.0012788698, train_accuracy = 1.0
INFO:tensorflow:loss = 0.0012788698, step = 12601
INFO:tensorflow:global_step/sec: 9.24467
INFO:tensorflow:learning_rate = 1e-04, cross_entropy = 0.005919435, train_accuracy = 1.0 (10.817 sec)
INFO:tensorflow:loss = 0.005919435, step = 12701 (10.817 sec)
INFO:tensorflow:global_step/sec: 9.64105
INFO:tensorflow:learning_rate = 1e-04, cross_entropy = 0.0017718879, train_accuracy = 1.0 (10.372 sec)
INFO:tensorflow:loss = 0.0017718879, step = 12801 (10.372 sec)
INFO:tensorflow:global_step/sec: 9.62568
INFO:tensorflow:learning_rate = 1e-04, cross_entropy = 0.012043718, train_accuracy = 0.9975 (10.389 sec)
INFO:tensorflow:loss = 0.012043718, step = 12901 (10.389 sec)
INFO:tensorflow:global_step/sec: 9.62484
INFO:tensorflow:learning_rate = 1e-04, cross_entropy = 0.0005254152, train_accuracy = 0.998 (10.390 sec)
INFO:tensorflow:loss = 0.0005254152, step = 13001 (10.390 sec)
INFO:tensorflow:global_step/sec: 9.67325
INFO:tensorflow:learning_rate = 1e-04, cross_entropy = 0.0023546233, train_accuracy = 0.99833333 (10.337 sec)
INFO:tensorflow:loss = 0.0023546233, step = 13101 (10.337 sec)
INFO:tensorflow:Saving checkpoints for 13200 into /tmp/mnist_model/model.ckpt.
INFO:tensorflow:Loss for final step: 0.0034088113.
INFO:tensorflow:Calling model_fn.
INFO:tensorflow:Done calling model_fn.
INFO:tensorflow:Starting evaluation at 2018-07-11-16:35:40
INFO:tensorflow:Graph was finalized.
INFO:tensorflow:Restoring parameters from /tmp/mnist_model/model.ckpt-13200
INFO:tensorflow:Running local_init_op.
INFO:tensorflow:Done running local_init_op.
INFO:tensorflow:Finished evaluation at 2018-07-11-16:35:44
INFO:tensorflow:Saving dict for global step 13200: accuracy = 0.993, global_step = 13200, loss = 0.020459976
INFO:tensorflow:Calling model_fn.
INFO:tensorflow:Done calling model_fn.
INFO:tensorflow:Create CheckpointSaverHook.
INFO:tensorflow:Graph was finalized.
INFO:tensorflow:Restoring parameters from /tmp/mnist_model/model.ckpt-13200
INFO:tensorflow:Running local_init_op.
INFO:tensorflow:Done running local_init_op.
INFO:tensorflow:Saving checkpoints for 13201 into /tmp/mnist_model/model.ckpt.
INFO:tensorflow:learning_rate = 1e-04, cross_entropy = 0.005494033, train_accuracy = 1.0
INFO:tensorflow:loss = 0.005494033, step = 13201
INFO:tensorflow:global_step/sec: 9.26037
INFO:tensorflow:learning_rate = 1e-04, cross_entropy = 0.0033769405, train_accuracy = 1.0 (10.799 sec)
INFO:tensorflow:loss = 0.0033769405, step = 13301 (10.799 sec)
INFO:tensorflow:global_step/sec: 9.63839
INFO:tensorflow:learning_rate = 1e-04, cross_entropy = 0.0006315242, train_accuracy = 1.0 (10.375 sec)
INFO:tensorflow:loss = 0.0006315242, step = 13401 (10.375 sec)
INFO:tensorflow:global_step/sec: 9.70191
INFO:tensorflow:learning_rate = 1e-04, cross_entropy = 0.003501714, train_accuracy = 1.0 (10.307 sec)
INFO:tensorflow:loss = 0.003501714, step = 13501 (10.307 sec)
INFO:tensorflow:global_step/sec: 9.65499
INFO:tensorflow:learning_rate = 1e-04, cross_entropy = 0.0023400038, train_accuracy = 1.0 (10.357 sec)
INFO:tensorflow:loss = 0.0023400038, step = 13601 (10.357 sec)
INFO:tensorflow:global_step/sec: 9.66239
INFO:tensorflow:learning_rate = 1e-04, cross_entropy = 0.002239614, train_accuracy = 1.0 (10.350 sec)
INFO:tensorflow:loss = 0.002239614, step = 13701 (10.350 sec)
INFO:tensorflow:Saving checkpoints for 13800 into /tmp/mnist_model/model.ckpt.
INFO:tensorflow:Loss for final step: 6.8414985e-05.
INFO:tensorflow:Calling model_fn.
INFO:tensorflow:Done calling model_fn.
INFO:tensorflow:Starting evaluation at 2018-07-11-16:36:49
INFO:tensorflow:Graph was finalized.
INFO:tensorflow:Restoring parameters from /tmp/mnist_model/model.ckpt-13800
INFO:tensorflow:Running local_init_op.
INFO:tensorflow:Done running local_init_op.
INFO:tensorflow:Finished evaluation at 2018-07-11-16:36:53
INFO:tensorflow:Saving dict for global step 13800: accuracy = 0.9919, global_step = 13800, loss = 0.026219413
INFO:tensorflow:Calling model_fn.
INFO:tensorflow:Done calling model_fn.
INFO:tensorflow:Create CheckpointSaverHook.
INFO:tensorflow:Graph was finalized.
INFO:tensorflow:Restoring parameters from /tmp/mnist_model/model.ckpt-13800
INFO:tensorflow:Running local_init_op.
INFO:tensorflow:Done running local_init_op.
INFO:tensorflow:Saving checkpoints for 13801 into /tmp/mnist_model/model.ckpt.
INFO:tensorflow:learning_rate = 1e-04, cross_entropy = 0.016406208, train_accuracy = 0.99
INFO:tensorflow:loss = 0.016406208, step = 13801
INFO:tensorflow:global_step/sec: 9.24873
INFO:tensorflow:learning_rate = 1e-04, cross_entropy = 0.00082657917, train_accuracy = 0.995 (10.812 sec)
INFO:tensorflow:loss = 0.00082657917, step = 13901 (10.812 sec)
INFO:tensorflow:global_step/sec: 9.64807
INFO:tensorflow:learning_rate = 1e-04, cross_entropy = 0.0039411164, train_accuracy = 0.99666667 (10.365 sec)
INFO:tensorflow:loss = 0.0039411164, step = 14001 (10.365 sec)
INFO:tensorflow:global_step/sec: 9.69284
INFO:tensorflow:learning_rate = 1e-04, cross_entropy = 0.0024815178, train_accuracy = 0.9975 (10.317 sec)
INFO:tensorflow:loss = 0.0024815178, step = 14101 (10.317 sec)
INFO:tensorflow:global_step/sec: 9.67572
INFO:tensorflow:learning_rate = 1e-04, cross_entropy = 0.0050928146, train_accuracy = 0.998 (10.335 sec)
INFO:tensorflow:loss = 0.0050928146, step = 14201 (10.335 sec)
INFO:tensorflow:global_step/sec: 9.69592
INFO:tensorflow:learning_rate = 1e-04, cross_entropy = 0.018333271, train_accuracy = 0.99833333 (10.314 sec)
INFO:tensorflow:loss = 0.018333271, step = 14301 (10.314 sec)
INFO:tensorflow:Saving checkpoints for 14400 into /tmp/mnist_model/model.ckpt.
INFO:tensorflow:Loss for final step: 0.0020372013.
INFO:tensorflow:Calling model_fn.
INFO:tensorflow:Done calling model_fn.
INFO:tensorflow:Starting evaluation at 2018-07-11-16:37:58
INFO:tensorflow:Graph was finalized.
INFO:tensorflow:Restoring parameters from /tmp/mnist_model/model.ckpt-14400
INFO:tensorflow:Running local_init_op.
INFO:tensorflow:Done running local_init_op.
INFO:tensorflow:Finished evaluation at 2018-07-11-16:38:02
INFO:tensorflow:Saving dict for global step 14400: accuracy = 0.9933, global_step = 14400, loss = 0.022020431
INFO:tensorflow:Calling model_fn.
INFO:tensorflow:Done calling model_fn.
INFO:tensorflow:Create CheckpointSaverHook.
INFO:tensorflow:Graph was finalized.
INFO:tensorflow:Restoring parameters from /tmp/mnist_model/model.ckpt-14400
INFO:tensorflow:Running local_init_op.
INFO:tensorflow:Done running local_init_op.
INFO:tensorflow:Saving checkpoints for 14401 into /tmp/mnist_model/model.ckpt.
INFO:tensorflow:learning_rate = 1e-04, cross_entropy = 0.0017035675, train_accuracy = 1.0
INFO:tensorflow:loss = 0.0017035675, step = 14401
INFO:tensorflow:global_step/sec: 9.19886
INFO:tensorflow:learning_rate = 1e-04, cross_entropy = 0.0052468283, train_accuracy = 1.0 (10.871 sec)
INFO:tensorflow:loss = 0.0052468283, step = 14501 (10.871 sec)
INFO:tensorflow:global_step/sec: 9.64492
INFO:tensorflow:learning_rate = 1e-04, cross_entropy = 0.0021393888, train_accuracy = 1.0 (10.368 sec)
INFO:tensorflow:loss = 0.0021393888, step = 14601 (10.368 sec)
INFO:tensorflow:global_step/sec: 9.69759
INFO:tensorflow:learning_rate = 1e-04, cross_entropy = 0.009025783, train_accuracy = 1.0 (10.312 sec)
INFO:tensorflow:loss = 0.009025783, step = 14701 (10.312 sec)
INFO:tensorflow:global_step/sec: 9.63466
INFO:tensorflow:learning_rate = 1e-04, cross_entropy = 0.0005932636, train_accuracy = 1.0 (10.379 sec)
INFO:tensorflow:loss = 0.0005932636, step = 14801 (10.379 sec)
INFO:tensorflow:global_step/sec: 9.67963
INFO:tensorflow:learning_rate = 1e-04, cross_entropy = 0.0010821266, train_accuracy = 1.0 (10.331 sec)
INFO:tensorflow:loss = 0.0010821266, step = 14901 (10.331 sec)
INFO:tensorflow:Saving checkpoints for 15000 into /tmp/mnist_model/model.ckpt.
INFO:tensorflow:Loss for final step: 0.00038703304.
INFO:tensorflow:Calling model_fn.
INFO:tensorflow:Done calling model_fn.
INFO:tensorflow:Starting evaluation at 2018-07-11-16:39:07
INFO:tensorflow:Graph was finalized.
INFO:tensorflow:Restoring parameters from /tmp/mnist_model/model.ckpt-15000
INFO:tensorflow:Running local_init_op.
INFO:tensorflow:Done running local_init_op.
INFO:tensorflow:Finished evaluation at 2018-07-11-16:39:11
INFO:tensorflow:Saving dict for global step 15000: accuracy = 0.9925, global_step = 15000, loss = 0.022496376
INFO:tensorflow:Calling model_fn.
INFO:tensorflow:Done calling model_fn.
INFO:tensorflow:Create CheckpointSaverHook.
INFO:tensorflow:Graph was finalized.
INFO:tensorflow:Restoring parameters from /tmp/mnist_model/model.ckpt-15000
INFO:tensorflow:Running local_init_op.
INFO:tensorflow:Done running local_init_op.
INFO:tensorflow:Saving checkpoints for 15001 into /tmp/mnist_model/model.ckpt.
INFO:tensorflow:learning_rate = 1e-04, cross_entropy = 0.0041385894, train_accuracy = 1.0
INFO:tensorflow:loss = 0.0041385894, step = 15001
INFO:tensorflow:global_step/sec: 9.19216
INFO:tensorflow:learning_rate = 1e-04, cross_entropy = 0.0021306234, train_accuracy = 1.0 (10.879 sec)
INFO:tensorflow:loss = 0.0021306234, step = 15101 (10.879 sec)
INFO:tensorflow:global_step/sec: 9.67801
INFO:tensorflow:learning_rate = 1e-04, cross_entropy = 0.0033521443, train_accuracy = 1.0 (10.333 sec)
INFO:tensorflow:loss = 0.0033521443, step = 15201 (10.333 sec)
INFO:tensorflow:global_step/sec: 9.66856
INFO:tensorflow:learning_rate = 1e-04, cross_entropy = 0.00045356018, train_accuracy = 1.0 (10.343 sec)
INFO:tensorflow:loss = 0.00045356018, step = 15301 (10.343 sec)
INFO:tensorflow:global_step/sec: 9.66547
INFO:tensorflow:learning_rate = 1e-04, cross_entropy = 0.00215972, train_accuracy = 1.0 (10.346 sec)
INFO:tensorflow:loss = 0.00215972, step = 15401 (10.346 sec)
INFO:tensorflow:global_step/sec: 9.66523
INFO:tensorflow:learning_rate = 1e-04, cross_entropy = 0.018584458, train_accuracy = 0.99833333 (10.346 sec)
INFO:tensorflow:loss = 0.018584458, step = 15501 (10.346 sec)
INFO:tensorflow:Saving checkpoints for 15600 into /tmp/mnist_model/model.ckpt.
INFO:tensorflow:Loss for final step: 0.0040501803.
INFO:tensorflow:Calling model_fn.
INFO:tensorflow:Done calling model_fn.
INFO:tensorflow:Starting evaluation at 2018-07-11-16:40:17
INFO:tensorflow:Graph was finalized.
INFO:tensorflow:Restoring parameters from /tmp/mnist_model/model.ckpt-15600
INFO:tensorflow:Running local_init_op.
INFO:tensorflow:Done running local_init_op.
INFO:tensorflow:Finished evaluation at 2018-07-11-16:40:20
INFO:tensorflow:Saving dict for global step 15600: accuracy = 0.9931, global_step = 15600, loss = 0.022860482
INFO:tensorflow:Calling model_fn.
INFO:tensorflow:Done calling model_fn.
INFO:tensorflow:Create CheckpointSaverHook.
INFO:tensorflow:Graph was finalized.
INFO:tensorflow:Restoring parameters from /tmp/mnist_model/model.ckpt-15600
INFO:tensorflow:Running local_init_op.
INFO:tensorflow:Done running local_init_op.
INFO:tensorflow:Saving checkpoints for 15601 into /tmp/mnist_model/model.ckpt.
INFO:tensorflow:learning_rate = 1e-04, cross_entropy = 0.028818939, train_accuracy = 0.99
INFO:tensorflow:loss = 0.028818939, step = 15601
INFO:tensorflow:global_step/sec: 9.19481
INFO:tensorflow:learning_rate = 1e-04, cross_entropy = 0.0069413306, train_accuracy = 0.995 (10.876 sec)
INFO:tensorflow:loss = 0.0069413306, step = 15701 (10.876 sec)
INFO:tensorflow:global_step/sec: 9.73461
INFO:tensorflow:learning_rate = 1e-04, cross_entropy = 0.0005069861, train_accuracy = 0.99666667 (10.273 sec)
INFO:tensorflow:loss = 0.0005069861, step = 15801 (10.273 sec)
INFO:tensorflow:global_step/sec: 9.68439
INFO:tensorflow:learning_rate = 1e-04, cross_entropy = 0.00061975996, train_accuracy = 0.9975 (10.326 sec)
INFO:tensorflow:loss = 0.00061975996, step = 15901 (10.326 sec)
INFO:tensorflow:global_step/sec: 9.69552
INFO:tensorflow:learning_rate = 1e-04, cross_entropy = 0.0012227789, train_accuracy = 0.998 (10.314 sec)
INFO:tensorflow:loss = 0.0012227789, step = 16001 (10.314 sec)
INFO:tensorflow:global_step/sec: 9.70969
INFO:tensorflow:learning_rate = 1e-04, cross_entropy = 0.0004111607, train_accuracy = 0.99833333 (10.299 sec)
INFO:tensorflow:loss = 0.0004111607, step = 16101 (10.299 sec)
INFO:tensorflow:Saving checkpoints for 16200 into /tmp/mnist_model/model.ckpt.
INFO:tensorflow:Loss for final step: 0.0010201072.
INFO:tensorflow:Calling model_fn.
INFO:tensorflow:Done calling model_fn.
INFO:tensorflow:Starting evaluation at 2018-07-11-16:41:25
INFO:tensorflow:Graph was finalized.
INFO:tensorflow:Restoring parameters from /tmp/mnist_model/model.ckpt-16200
INFO:tensorflow:Running local_init_op.
INFO:tensorflow:Done running local_init_op.
INFO:tensorflow:Finished evaluation at 2018-07-11-16:41:29
INFO:tensorflow:Saving dict for global step 16200: accuracy = 0.9934, global_step = 16200, loss = 0.021644773
INFO:tensorflow:Calling model_fn.
INFO:tensorflow:Done calling model_fn.
INFO:tensorflow:Create CheckpointSaverHook.
INFO:tensorflow:Graph was finalized.
INFO:tensorflow:Restoring parameters from /tmp/mnist_model/model.ckpt-16200
INFO:tensorflow:Running local_init_op.
INFO:tensorflow:Done running local_init_op.
INFO:tensorflow:Saving checkpoints for 16201 into /tmp/mnist_model/model.ckpt.
INFO:tensorflow:learning_rate = 1e-04, cross_entropy = 0.010797018, train_accuracy = 0.99
INFO:tensorflow:loss = 0.010797018, step = 16201
INFO:tensorflow:global_step/sec: 9.19629
INFO:tensorflow:learning_rate = 1e-04, cross_entropy = 0.0027203574, train_accuracy = 0.995 (10.874 sec)
INFO:tensorflow:loss = 0.0027203574, step = 16301 (10.874 sec)
INFO:tensorflow:global_step/sec: 9.70712
INFO:tensorflow:learning_rate = 1e-04, cross_entropy = 0.025699206, train_accuracy = 0.99 (10.302 sec)
INFO:tensorflow:loss = 0.025699206, step = 16401 (10.302 sec)
INFO:tensorflow:global_step/sec: 9.72796
INFO:tensorflow:learning_rate = 1e-04, cross_entropy = 0.00056598696, train_accuracy = 0.9925 (10.280 sec)
INFO:tensorflow:loss = 0.00056598696, step = 16501 (10.280 sec)
INFO:tensorflow:global_step/sec: 9.69574
INFO:tensorflow:learning_rate = 1e-04, cross_entropy = 0.0096965395, train_accuracy = 0.992 (10.314 sec)
INFO:tensorflow:loss = 0.0096965395, step = 16601 (10.314 sec)
INFO:tensorflow:global_step/sec: 9.72048
INFO:tensorflow:learning_rate = 1e-04, cross_entropy = 0.0062191677, train_accuracy = 0.99333334 (10.287 sec)
INFO:tensorflow:loss = 0.0062191677, step = 16701 (10.287 sec)
INFO:tensorflow:Saving checkpoints for 16800 into /tmp/mnist_model/model.ckpt.
INFO:tensorflow:Loss for final step: 0.006753129.
INFO:tensorflow:Calling model_fn.
INFO:tensorflow:Done calling model_fn.
INFO:tensorflow:Starting evaluation at 2018-07-11-16:42:34
INFO:tensorflow:Graph was finalized.
INFO:tensorflow:Restoring parameters from /tmp/mnist_model/model.ckpt-16800
INFO:tensorflow:Running local_init_op.
INFO:tensorflow:Done running local_init_op.
INFO:tensorflow:Finished evaluation at 2018-07-11-16:42:38
INFO:tensorflow:Saving dict for global step 16800: accuracy = 0.9921, global_step = 16800, loss = 0.026920319
INFO:tensorflow:Calling model_fn.
INFO:tensorflow:Done calling model_fn.
INFO:tensorflow:Create CheckpointSaverHook.
INFO:tensorflow:Graph was finalized.
INFO:tensorflow:Restoring parameters from /tmp/mnist_model/model.ckpt-16800
INFO:tensorflow:Running local_init_op.
INFO:tensorflow:Done running local_init_op.
INFO:tensorflow:Saving checkpoints for 16801 into /tmp/mnist_model/model.ckpt.
INFO:tensorflow:learning_rate = 1e-04, cross_entropy = 0.0028937552, train_accuracy = 1.0
INFO:tensorflow:loss = 0.0028937552, step = 16801
INFO:tensorflow:global_step/sec: 9.24974
INFO:tensorflow:learning_rate = 1e-04, cross_entropy = 0.012069391, train_accuracy = 0.995 (10.811 sec)
INFO:tensorflow:loss = 0.012069391, step = 16901 (10.811 sec)
INFO:tensorflow:global_step/sec: 9.69164
INFO:tensorflow:learning_rate = 1e-04, cross_entropy = 0.0019809357, train_accuracy = 0.99666667 (10.318 sec)
INFO:tensorflow:loss = 0.0019809357, step = 17001 (10.318 sec)
INFO:tensorflow:global_step/sec: 9.71807
INFO:tensorflow:learning_rate = 1e-04, cross_entropy = 0.00017585239, train_accuracy = 0.9975 (10.290 sec)
INFO:tensorflow:loss = 0.00017585239, step = 17101 (10.290 sec)
INFO:tensorflow:global_step/sec: 9.68788
INFO:tensorflow:learning_rate = 1e-04, cross_entropy = 0.041571718, train_accuracy = 0.994 (10.322 sec)
INFO:tensorflow:loss = 0.041571718, step = 17201 (10.322 sec)
INFO:tensorflow:global_step/sec: 9.67324
INFO:tensorflow:learning_rate = 1e-04, cross_entropy = 0.0007385718, train_accuracy = 0.995 (10.338 sec)
INFO:tensorflow:loss = 0.0007385718, step = 17301 (10.338 sec)
INFO:tensorflow:Saving checkpoints for 17400 into /tmp/mnist_model/model.ckpt.
INFO:tensorflow:Loss for final step: 0.001155288.
INFO:tensorflow:Calling model_fn.
INFO:tensorflow:Done calling model_fn.
INFO:tensorflow:Starting evaluation at 2018-07-11-16:43:43
INFO:tensorflow:Graph was finalized.
INFO:tensorflow:Restoring parameters from /tmp/mnist_model/model.ckpt-17400
INFO:tensorflow:Running local_init_op.
INFO:tensorflow:Done running local_init_op.
INFO:tensorflow:Finished evaluation at 2018-07-11-16:43:47
INFO:tensorflow:Saving dict for global step 17400: accuracy = 0.9935, global_step = 17400, loss = 0.021266453
INFO:tensorflow:Calling model_fn.
INFO:tensorflow:Done calling model_fn.
INFO:tensorflow:Create CheckpointSaverHook.
INFO:tensorflow:Graph was finalized.
INFO:tensorflow:Restoring parameters from /tmp/mnist_model/model.ckpt-17400
INFO:tensorflow:Running local_init_op.
INFO:tensorflow:Done running local_init_op.
INFO:tensorflow:Saving checkpoints for 17401 into /tmp/mnist_model/model.ckpt.
INFO:tensorflow:learning_rate = 1e-04, cross_entropy = 0.0010538385, train_accuracy = 1.0
INFO:tensorflow:loss = 0.0010538385, step = 17401
INFO:tensorflow:global_step/sec: 9.23564
INFO:tensorflow:learning_rate = 1e-04, cross_entropy = 0.00073261716, train_accuracy = 1.0 (10.828 sec)
INFO:tensorflow:loss = 0.00073261716, step = 17501 (10.828 sec)
INFO:tensorflow:global_step/sec: 9.69391
INFO:tensorflow:learning_rate = 1e-04, cross_entropy = 0.00034226608, train_accuracy = 1.0 (10.316 sec)
INFO:tensorflow:loss = 0.00034226608, step = 17601 (10.316 sec)
INFO:tensorflow:global_step/sec: 9.70265
INFO:tensorflow:learning_rate = 1e-04, cross_entropy = 0.002448149, train_accuracy = 1.0 (10.306 sec)
INFO:tensorflow:loss = 0.002448149, step = 17701 (10.306 sec)
INFO:tensorflow:global_step/sec: 9.67402
INFO:tensorflow:learning_rate = 1e-04, cross_entropy = 0.00038503483, train_accuracy = 1.0 (10.337 sec)
INFO:tensorflow:loss = 0.00038503483, step = 17801 (10.337 sec)
INFO:tensorflow:global_step/sec: 9.67259
INFO:tensorflow:learning_rate = 1e-04, cross_entropy = 5.2344865e-05, train_accuracy = 1.0 (10.338 sec)
INFO:tensorflow:loss = 5.2344865e-05, step = 17901 (10.338 sec)
INFO:tensorflow:Saving checkpoints for 18000 into /tmp/mnist_model/model.ckpt.
INFO:tensorflow:Loss for final step: 0.0038559227.
INFO:tensorflow:Calling model_fn.
INFO:tensorflow:Done calling model_fn.
INFO:tensorflow:Starting evaluation at 2018-07-11-16:44:53
INFO:tensorflow:Graph was finalized.
INFO:tensorflow:Restoring parameters from /tmp/mnist_model/model.ckpt-18000
INFO:tensorflow:Running local_init_op.
INFO:tensorflow:Done running local_init_op.
INFO:tensorflow:Finished evaluation at 2018-07-11-16:44:56
INFO:tensorflow:Saving dict for global step 18000: accuracy = 0.9931, global_step = 18000, loss = 0.023544582
INFO:tensorflow:Calling model_fn.
INFO:tensorflow:Done calling model_fn.
INFO:tensorflow:Create CheckpointSaverHook.
INFO:tensorflow:Graph was finalized.
INFO:tensorflow:Restoring parameters from /tmp/mnist_model/model.ckpt-18000
INFO:tensorflow:Running local_init_op.
INFO:tensorflow:Done running local_init_op.
INFO:tensorflow:Saving checkpoints for 18001 into /tmp/mnist_model/model.ckpt.
INFO:tensorflow:learning_rate = 1e-04, cross_entropy = 0.0025910253, train_accuracy = 1.0
INFO:tensorflow:loss = 0.0025910253, step = 18001
INFO:tensorflow:global_step/sec: 9.26865
INFO:tensorflow:learning_rate = 1e-04, cross_entropy = 0.002778216, train_accuracy = 1.0 (10.789 sec)
INFO:tensorflow:loss = 0.002778216, step = 18101 (10.789 sec)
INFO:tensorflow:global_step/sec: 9.66644
INFO:tensorflow:learning_rate = 1e-04, cross_entropy = 0.00617918, train_accuracy = 1.0 (10.345 sec)
INFO:tensorflow:loss = 0.00617918, step = 18201 (10.345 sec)
INFO:tensorflow:global_step/sec: 9.73956
INFO:tensorflow:learning_rate = 1e-04, cross_entropy = 7.752055e-05, train_accuracy = 1.0 (10.267 sec)
INFO:tensorflow:loss = 7.752055e-05, step = 18301 (10.267 sec)
INFO:tensorflow:global_step/sec: 9.70431
INFO:tensorflow:learning_rate = 1e-04, cross_entropy = 0.002093686, train_accuracy = 1.0 (10.305 sec)
INFO:tensorflow:loss = 0.002093686, step = 18401 (10.305 sec)
INFO:tensorflow:global_step/sec: 9.72887
INFO:tensorflow:learning_rate = 1e-04, cross_entropy = 0.0005996975, train_accuracy = 1.0 (10.279 sec)
INFO:tensorflow:loss = 0.0005996975, step = 18501 (10.279 sec)
INFO:tensorflow:Saving checkpoints for 18600 into /tmp/mnist_model/model.ckpt.
INFO:tensorflow:Loss for final step: 0.014359478.
INFO:tensorflow:Calling model_fn.
INFO:tensorflow:Done calling model_fn.
INFO:tensorflow:Starting evaluation at 2018-07-11-16:46:02
INFO:tensorflow:Graph was finalized.
INFO:tensorflow:Restoring parameters from /tmp/mnist_model/model.ckpt-18600
INFO:tensorflow:Running local_init_op.
INFO:tensorflow:Done running local_init_op.
INFO:tensorflow:Finished evaluation at 2018-07-11-16:46:05
INFO:tensorflow:Saving dict for global step 18600: accuracy = 0.9922, global_step = 18600, loss = 0.024883075
INFO:tensorflow:Calling model_fn.
INFO:tensorflow:Done calling model_fn.
INFO:tensorflow:Create CheckpointSaverHook.
INFO:tensorflow:Graph was finalized.
INFO:tensorflow:Restoring parameters from /tmp/mnist_model/model.ckpt-18600
INFO:tensorflow:Running local_init_op.
INFO:tensorflow:Done running local_init_op.
INFO:tensorflow:Saving checkpoints for 18601 into /tmp/mnist_model/model.ckpt.
INFO:tensorflow:learning_rate = 1e-04, cross_entropy = 0.0001876725, train_accuracy = 1.0
INFO:tensorflow:loss = 0.0001876725, step = 18601
INFO:tensorflow:global_step/sec: 9.29454
INFO:tensorflow:learning_rate = 1e-04, cross_entropy = 0.00086722703, train_accuracy = 1.0 (10.760 sec)
INFO:tensorflow:loss = 0.00086722703, step = 18701 (10.760 sec)
INFO:tensorflow:global_step/sec: 9.70735
INFO:tensorflow:learning_rate = 1e-04, cross_entropy = 0.00010931962, train_accuracy = 1.0 (10.301 sec)
INFO:tensorflow:loss = 0.00010931962, step = 18801 (10.301 sec)
INFO:tensorflow:global_step/sec: 9.72241
INFO:tensorflow:learning_rate = 1e-04, cross_entropy = 8.354046e-05, train_accuracy = 1.0 (10.286 sec)
INFO:tensorflow:loss = 8.354046e-05, step = 18901 (10.286 sec)
INFO:tensorflow:global_step/sec: 9.69745
INFO:tensorflow:learning_rate = 1e-04, cross_entropy = 9.307928e-05, train_accuracy = 1.0 (10.312 sec)
INFO:tensorflow:loss = 9.307928e-05, step = 19001 (10.312 sec)
INFO:tensorflow:global_step/sec: 9.7472
INFO:tensorflow:learning_rate = 1e-04, cross_entropy = 0.0062060063, train_accuracy = 1.0 (10.259 sec)
INFO:tensorflow:loss = 0.0062060063, step = 19101 (10.259 sec)
INFO:tensorflow:Saving checkpoints for 19200 into /tmp/mnist_model/model.ckpt.
INFO:tensorflow:Loss for final step: 0.0017710002.
INFO:tensorflow:Calling model_fn.
INFO:tensorflow:Done calling model_fn.
INFO:tensorflow:Starting evaluation at 2018-07-11-16:47:10
INFO:tensorflow:Graph was finalized.
INFO:tensorflow:Restoring parameters from /tmp/mnist_model/model.ckpt-19200
INFO:tensorflow:Running local_init_op.
INFO:tensorflow:Done running local_init_op.
INFO:tensorflow:Finished evaluation at 2018-07-11-16:47:14
INFO:tensorflow:Saving dict for global step 19200: accuracy = 0.9926, global_step = 19200, loss = 0.027913513
INFO:tensorflow:Calling model_fn.
INFO:tensorflow:Done calling model_fn.
INFO:tensorflow:Create CheckpointSaverHook.
INFO:tensorflow:Graph was finalized.
INFO:tensorflow:Restoring parameters from /tmp/mnist_model/model.ckpt-19200
INFO:tensorflow:Running local_init_op.
INFO:tensorflow:Done running local_init_op.
INFO:tensorflow:Saving checkpoints for 19201 into /tmp/mnist_model/model.ckpt.
INFO:tensorflow:learning_rate = 1e-04, cross_entropy = 0.0037011676, train_accuracy = 1.0
INFO:tensorflow:loss = 0.0037011676, step = 19201
INFO:tensorflow:global_step/sec: 9.26673
INFO:tensorflow:learning_rate = 1e-04, cross_entropy = 0.0010555518, train_accuracy = 1.0 (10.792 sec)
INFO:tensorflow:loss = 0.0010555518, step = 19301 (10.791 sec)
INFO:tensorflow:global_step/sec: 9.73046
INFO:tensorflow:learning_rate = 1e-04, cross_entropy = 0.001046592, train_accuracy = 1.0 (10.277 sec)
INFO:tensorflow:loss = 0.001046592, step = 19401 (10.277 sec)
INFO:tensorflow:global_step/sec: 9.67043
INFO:tensorflow:learning_rate = 1e-04, cross_entropy = 0.00019828517, train_accuracy = 1.0 (10.341 sec)
INFO:tensorflow:loss = 0.00019828517, step = 19501 (10.341 sec)
INFO:tensorflow:global_step/sec: 9.7069
INFO:tensorflow:learning_rate = 1e-04, cross_entropy = 0.005614007, train_accuracy = 1.0 (10.302 sec)
INFO:tensorflow:loss = 0.005614007, step = 19601 (10.302 sec)
INFO:tensorflow:global_step/sec: 9.66253
INFO:tensorflow:learning_rate = 1e-04, cross_entropy = 0.0013607172, train_accuracy = 1.0 (10.349 sec)
INFO:tensorflow:loss = 0.0013607172, step = 19701 (10.349 sec)
INFO:tensorflow:Saving checkpoints for 19800 into /tmp/mnist_model/model.ckpt.
INFO:tensorflow:Loss for final step: 0.0034641945.
INFO:tensorflow:Calling model_fn.
INFO:tensorflow:Done calling model_fn.
INFO:tensorflow:Starting evaluation at 2018-07-11-16:48:19
INFO:tensorflow:Graph was finalized.
INFO:tensorflow:Restoring parameters from /tmp/mnist_model/model.ckpt-19800
INFO:tensorflow:Running local_init_op.
INFO:tensorflow:Done running local_init_op.
INFO:tensorflow:Finished evaluation at 2018-07-11-16:48:23
INFO:tensorflow:Saving dict for global step 19800: accuracy = 0.9927, global_step = 19800, loss = 0.024382226
INFO:tensorflow:Calling model_fn.
INFO:tensorflow:Done calling model_fn.
INFO:tensorflow:Create CheckpointSaverHook.
INFO:tensorflow:Graph was finalized.
INFO:tensorflow:Restoring parameters from /tmp/mnist_model/model.ckpt-19800
INFO:tensorflow:Running local_init_op.
INFO:tensorflow:Done running local_init_op.
INFO:tensorflow:Saving checkpoints for 19801 into /tmp/mnist_model/model.ckpt.
INFO:tensorflow:learning_rate = 1e-04, cross_entropy = 0.00097574876, train_accuracy = 1.0
INFO:tensorflow:loss = 0.00097574876, step = 19801
INFO:tensorflow:global_step/sec: 9.23829
INFO:tensorflow:learning_rate = 1e-04, cross_entropy = 0.030666187, train_accuracy = 0.99 (10.825 sec)
INFO:tensorflow:loss = 0.030666187, step = 19901 (10.824 sec)
INFO:tensorflow:global_step/sec: 9.6798
INFO:tensorflow:learning_rate = 1e-04, cross_entropy = 0.010852094, train_accuracy = 0.99 (10.331 sec)
INFO:tensorflow:loss = 0.010852094, step = 20001 (10.331 sec)
INFO:tensorflow:global_step/sec: 9.67015
INFO:tensorflow:learning_rate = 1e-04, cross_entropy = 4.491396e-05, train_accuracy = 0.9925 (10.341 sec)
INFO:tensorflow:loss = 4.491396e-05, step = 20101 (10.341 sec)
INFO:tensorflow:global_step/sec: 9.66659
INFO:tensorflow:learning_rate = 1e-04, cross_entropy = 0.0010155039, train_accuracy = 0.994 (10.345 sec)
INFO:tensorflow:loss = 0.0010155039, step = 20201 (10.345 sec)
INFO:tensorflow:global_step/sec: 9.69041
INFO:tensorflow:learning_rate = 1e-04, cross_entropy = 0.022939198, train_accuracy = 0.99333334 (10.319 sec)
INFO:tensorflow:loss = 0.022939198, step = 20301 (10.319 sec)
INFO:tensorflow:Saving checkpoints for 20400 into /tmp/mnist_model/model.ckpt.
INFO:tensorflow:Loss for final step: 0.00016574102.
INFO:tensorflow:Calling model_fn.
INFO:tensorflow:Done calling model_fn.
INFO:tensorflow:Starting evaluation at 2018-07-11-16:49:28
INFO:tensorflow:Graph was finalized.
INFO:tensorflow:Restoring parameters from /tmp/mnist_model/model.ckpt-20400
INFO:tensorflow:Running local_init_op.
INFO:tensorflow:Done running local_init_op.
INFO:tensorflow:Finished evaluation at 2018-07-11-16:49:32
INFO:tensorflow:Saving dict for global step 20400: accuracy = 0.9927, global_step = 20400, loss = 0.0252503
INFO:tensorflow:Calling model_fn.
INFO:tensorflow:Done calling model_fn.
INFO:tensorflow:Create CheckpointSaverHook.
INFO:tensorflow:Graph was finalized.
INFO:tensorflow:Restoring parameters from /tmp/mnist_model/model.ckpt-20400
INFO:tensorflow:Running local_init_op.
INFO:tensorflow:Done running local_init_op.
INFO:tensorflow:Saving checkpoints for 20401 into /tmp/mnist_model/model.ckpt.
INFO:tensorflow:learning_rate = 1e-04, cross_entropy = 0.00028983128, train_accuracy = 1.0
INFO:tensorflow:loss = 0.00028983128, step = 20401
INFO:tensorflow:global_step/sec: 9.27514
INFO:tensorflow:learning_rate = 1e-04, cross_entropy = 0.0005412133, train_accuracy = 1.0 (10.782 sec)
INFO:tensorflow:loss = 0.0005412133, step = 20501 (10.782 sec)
INFO:tensorflow:global_step/sec: 9.7046
INFO:tensorflow:learning_rate = 1e-04, cross_entropy = 0.00015180829, train_accuracy = 1.0 (10.304 sec)
INFO:tensorflow:loss = 0.00015180829, step = 20601 (10.304 sec)
INFO:tensorflow:global_step/sec: 9.71754
INFO:tensorflow:learning_rate = 1e-04, cross_entropy = 0.00010430358, train_accuracy = 1.0 (10.291 sec)
INFO:tensorflow:loss = 0.00010430358, step = 20701 (10.291 sec)
INFO:tensorflow:global_step/sec: 9.68803
INFO:tensorflow:learning_rate = 1e-04, cross_entropy = 0.000114026014, train_accuracy = 1.0 (10.322 sec)
INFO:tensorflow:loss = 0.000114026014, step = 20801 (10.322 sec)
INFO:tensorflow:global_step/sec: 9.68618
INFO:tensorflow:learning_rate = 1e-04, cross_entropy = 0.0014158805, train_accuracy = 1.0 (10.324 sec)
INFO:tensorflow:loss = 0.0014158805, step = 20901 (10.324 sec)
INFO:tensorflow:Saving checkpoints for 21000 into /tmp/mnist_model/model.ckpt.
INFO:tensorflow:Loss for final step: 0.0021965704.
INFO:tensorflow:Calling model_fn.
INFO:tensorflow:Done calling model_fn.
INFO:tensorflow:Starting evaluation at 2018-07-11-16:50:37
INFO:tensorflow:Graph was finalized.
INFO:tensorflow:Restoring parameters from /tmp/mnist_model/model.ckpt-21000
INFO:tensorflow:Running local_init_op.
INFO:tensorflow:Done running local_init_op.
INFO:tensorflow:Finished evaluation at 2018-07-11-16:50:41
INFO:tensorflow:Saving dict for global step 21000: accuracy = 0.9926, global_step = 21000, loss = 0.027216602
INFO:tensorflow:Calling model_fn.
INFO:tensorflow:Done calling model_fn.
INFO:tensorflow:Create CheckpointSaverHook.
INFO:tensorflow:Graph was finalized.
INFO:tensorflow:Restoring parameters from /tmp/mnist_model/model.ckpt-21000
INFO:tensorflow:Running local_init_op.
INFO:tensorflow:Done running local_init_op.
INFO:tensorflow:Saving checkpoints for 21001 into /tmp/mnist_model/model.ckpt.
INFO:tensorflow:learning_rate = 1e-04, cross_entropy = 0.002067489, train_accuracy = 1.0
INFO:tensorflow:loss = 0.002067489, step = 21001
INFO:tensorflow:global_step/sec: 9.21709
INFO:tensorflow:learning_rate = 1e-04, cross_entropy = 0.0008358468, train_accuracy = 1.0 (10.850 sec)
INFO:tensorflow:loss = 0.0008358468, step = 21101 (10.849 sec)
INFO:tensorflow:global_step/sec: 9.71028
INFO:tensorflow:learning_rate = 1e-04, cross_entropy = 0.00015158817, train_accuracy = 1.0 (10.298 sec)
INFO:tensorflow:loss = 0.00015158817, step = 21201 (10.298 sec)
INFO:tensorflow:global_step/sec: 9.68887
INFO:tensorflow:learning_rate = 1e-04, cross_entropy = 0.00280265, train_accuracy = 1.0 (10.321 sec)
INFO:tensorflow:loss = 0.00280265, step = 21301 (10.321 sec)
INFO:tensorflow:global_step/sec: 9.67622
INFO:tensorflow:learning_rate = 1e-04, cross_entropy = 0.0042862506, train_accuracy = 1.0 (10.335 sec)
INFO:tensorflow:loss = 0.0042862506, step = 21401 (10.335 sec)
INFO:tensorflow:global_step/sec: 9.6776
INFO:tensorflow:learning_rate = 1e-04, cross_entropy = 0.035033304, train_accuracy = 0.99833333 (10.333 sec)
INFO:tensorflow:loss = 0.035033304, step = 21501 (10.333 sec)
INFO:tensorflow:Saving checkpoints for 21600 into /tmp/mnist_model/model.ckpt.
INFO:tensorflow:Loss for final step: 0.0007284135.
INFO:tensorflow:Calling model_fn.
INFO:tensorflow:Done calling model_fn.
INFO:tensorflow:Starting evaluation at 2018-07-11-16:51:46
INFO:tensorflow:Graph was finalized.
INFO:tensorflow:Restoring parameters from /tmp/mnist_model/model.ckpt-21600
INFO:tensorflow:Running local_init_op.
INFO:tensorflow:Done running local_init_op.
INFO:tensorflow:Finished evaluation at 2018-07-11-16:51:50
INFO:tensorflow:Saving dict for global step 21600: accuracy = 0.9929, global_step = 21600, loss = 0.023279719
INFO:tensorflow:Calling model_fn.
INFO:tensorflow:Done calling model_fn.
INFO:tensorflow:Create CheckpointSaverHook.
INFO:tensorflow:Graph was finalized.
INFO:tensorflow:Restoring parameters from /tmp/mnist_model/model.ckpt-21600
INFO:tensorflow:Running local_init_op.
INFO:tensorflow:Done running local_init_op.
INFO:tensorflow:Saving checkpoints for 21601 into /tmp/mnist_model/model.ckpt.
INFO:tensorflow:learning_rate = 1e-04, cross_entropy = 0.0005909555, train_accuracy = 1.0
INFO:tensorflow:loss = 0.0005909555, step = 21601
INFO:tensorflow:global_step/sec: 9.28485
INFO:tensorflow:learning_rate = 1e-04, cross_entropy = 6.0414466e-05, train_accuracy = 1.0 (10.770 sec)
INFO:tensorflow:loss = 6.0414466e-05, step = 21701 (10.770 sec)
INFO:tensorflow:global_step/sec: 9.65967
INFO:tensorflow:learning_rate = 1e-04, cross_entropy = 0.0012924405, train_accuracy = 1.0 (10.353 sec)
INFO:tensorflow:loss = 0.0012924405, step = 21801 (10.353 sec)
INFO:tensorflow:global_step/sec: 9.67579
INFO:tensorflow:learning_rate = 1e-04, cross_entropy = 0.00014108606, train_accuracy = 1.0 (10.335 sec)
INFO:tensorflow:loss = 0.00014108606, step = 21901 (10.335 sec)
INFO:tensorflow:global_step/sec: 9.6475
INFO:tensorflow:learning_rate = 1e-04, cross_entropy = 0.0001287023, train_accuracy = 1.0 (10.365 sec)
INFO:tensorflow:loss = 0.0001287023, step = 22001 (10.365 sec)
INFO:tensorflow:global_step/sec: 9.69507
INFO:tensorflow:learning_rate = 1e-04, cross_entropy = 0.00067900546, train_accuracy = 1.0 (10.315 sec)
INFO:tensorflow:loss = 0.00067900546, step = 22101 (10.315 sec)
INFO:tensorflow:Saving checkpoints for 22200 into /tmp/mnist_model/model.ckpt.
INFO:tensorflow:Loss for final step: 0.00041969266.
INFO:tensorflow:Calling model_fn.
INFO:tensorflow:Done calling model_fn.
INFO:tensorflow:Starting evaluation at 2018-07-11-16:52:56
INFO:tensorflow:Graph was finalized.
INFO:tensorflow:Restoring parameters from /tmp/mnist_model/model.ckpt-22200
INFO:tensorflow:Running local_init_op.
INFO:tensorflow:Done running local_init_op.
INFO:tensorflow:Finished evaluation at 2018-07-11-16:52:59
INFO:tensorflow:Saving dict for global step 22200: accuracy = 0.9929, global_step = 22200, loss = 0.023798931
INFO:tensorflow:Calling model_fn.
INFO:tensorflow:Done calling model_fn.
INFO:tensorflow:Create CheckpointSaverHook.
INFO:tensorflow:Graph was finalized.
INFO:tensorflow:Restoring parameters from /tmp/mnist_model/model.ckpt-22200
INFO:tensorflow:Running local_init_op.
INFO:tensorflow:Done running local_init_op.
INFO:tensorflow:Saving checkpoints for 22201 into /tmp/mnist_model/model.ckpt.
INFO:tensorflow:learning_rate = 1e-04, cross_entropy = 0.002348361, train_accuracy = 1.0
INFO:tensorflow:loss = 0.002348361, step = 22201
INFO:tensorflow:global_step/sec: 9.29903
INFO:tensorflow:learning_rate = 1e-04, cross_entropy = 0.009625885, train_accuracy = 0.995 (10.754 sec)
INFO:tensorflow:loss = 0.009625885, step = 22301 (10.754 sec)
INFO:tensorflow:global_step/sec: 9.71635
INFO:tensorflow:learning_rate = 1e-04, cross_entropy = 0.00019442351, train_accuracy = 0.99666667 (10.292 sec)
INFO:tensorflow:loss = 0.00019442351, step = 22401 (10.292 sec)
INFO:tensorflow:global_step/sec: 9.70281
INFO:tensorflow:learning_rate = 1e-04, cross_entropy = 0.00092923536, train_accuracy = 0.9975 (10.306 sec)
INFO:tensorflow:loss = 0.00092923536, step = 22501 (10.306 sec)
INFO:tensorflow:global_step/sec: 9.70515
INFO:tensorflow:learning_rate = 1e-04, cross_entropy = 0.0001408928, train_accuracy = 0.998 (10.304 sec)
INFO:tensorflow:loss = 0.0001408928, step = 22601 (10.304 sec)
INFO:tensorflow:global_step/sec: 9.74605
INFO:tensorflow:learning_rate = 1e-04, cross_entropy = 0.00023582362, train_accuracy = 0.99833333 (10.261 sec)
INFO:tensorflow:loss = 0.00023582362, step = 22701 (10.261 sec)
INFO:tensorflow:Saving checkpoints for 22800 into /tmp/mnist_model/model.ckpt.
INFO:tensorflow:Loss for final step: 0.0097768465.
INFO:tensorflow:Calling model_fn.
INFO:tensorflow:Done calling model_fn.
INFO:tensorflow:Starting evaluation at 2018-07-11-16:54:04
INFO:tensorflow:Graph was finalized.
INFO:tensorflow:Restoring parameters from /tmp/mnist_model/model.ckpt-22800
INFO:tensorflow:Running local_init_op.
INFO:tensorflow:Done running local_init_op.
INFO:tensorflow:Finished evaluation at 2018-07-11-16:54:08
INFO:tensorflow:Saving dict for global step 22800: accuracy = 0.9931, global_step = 22800, loss = 0.023209136
INFO:tensorflow:Calling model_fn.
INFO:tensorflow:Done calling model_fn.
INFO:tensorflow:Create CheckpointSaverHook.
INFO:tensorflow:Graph was finalized.
INFO:tensorflow:Restoring parameters from /tmp/mnist_model/model.ckpt-22800
INFO:tensorflow:Running local_init_op.
INFO:tensorflow:Done running local_init_op.
INFO:tensorflow:Saving checkpoints for 22801 into /tmp/mnist_model/model.ckpt.
INFO:tensorflow:learning_rate = 1e-04, cross_entropy = 0.001578332, train_accuracy = 1.0
INFO:tensorflow:loss = 0.001578332, step = 22801
INFO:tensorflow:global_step/sec: 9.26254
INFO:tensorflow:learning_rate = 1e-04, cross_entropy = 2.0762884e-05, train_accuracy = 1.0 (10.796 sec)
INFO:tensorflow:loss = 2.0762884e-05, step = 22901 (10.796 sec)
INFO:tensorflow:global_step/sec: 9.72412
INFO:tensorflow:learning_rate = 1e-04, cross_entropy = 0.00016162319, train_accuracy = 1.0 (10.284 sec)
INFO:tensorflow:loss = 0.00016162319, step = 23001 (10.284 sec)
INFO:tensorflow:global_step/sec: 9.71438
INFO:tensorflow:learning_rate = 1e-04, cross_entropy = 0.012328021, train_accuracy = 0.9975 (10.294 sec)
INFO:tensorflow:loss = 0.012328021, step = 23101 (10.294 sec)
INFO:tensorflow:global_step/sec: 9.71803
INFO:tensorflow:learning_rate = 1e-04, cross_entropy = 0.00011247386, train_accuracy = 0.998 (10.290 sec)
INFO:tensorflow:loss = 0.00011247386, step = 23201 (10.290 sec)
INFO:tensorflow:global_step/sec: 9.67427
INFO:tensorflow:learning_rate = 1e-04, cross_entropy = 1.3819642e-05, train_accuracy = 0.99833333 (10.337 sec)
INFO:tensorflow:loss = 1.3819642e-05, step = 23301 (10.337 sec)
INFO:tensorflow:Saving checkpoints for 23400 into /tmp/mnist_model/model.ckpt.
INFO:tensorflow:Loss for final step: 0.00028953218.
INFO:tensorflow:Calling model_fn.
INFO:tensorflow:Done calling model_fn.
INFO:tensorflow:Starting evaluation at 2018-07-11-16:55:13
INFO:tensorflow:Graph was finalized.
INFO:tensorflow:Restoring parameters from /tmp/mnist_model/model.ckpt-23400
INFO:tensorflow:Running local_init_op.
INFO:tensorflow:Done running local_init_op.
INFO:tensorflow:Finished evaluation at 2018-07-11-16:55:17
INFO:tensorflow:Saving dict for global step 23400: accuracy = 0.9931, global_step = 23400, loss = 0.028911564
INFO:tensorflow:Calling model_fn.
INFO:tensorflow:Done calling model_fn.
INFO:tensorflow:Create CheckpointSaverHook.
INFO:tensorflow:Graph was finalized.
INFO:tensorflow:Restoring parameters from /tmp/mnist_model/model.ckpt-23400
INFO:tensorflow:Running local_init_op.
INFO:tensorflow:Done running local_init_op.
INFO:tensorflow:Saving checkpoints for 23401 into /tmp/mnist_model/model.ckpt.
INFO:tensorflow:learning_rate = 1e-04, cross_entropy = 0.0070548207, train_accuracy = 1.0
INFO:tensorflow:loss = 0.0070548207, step = 23401
INFO:tensorflow:global_step/sec: 9.20499
INFO:tensorflow:learning_rate = 1e-04, cross_entropy = 0.0013906383, train_accuracy = 1.0 (10.864 sec)
INFO:tensorflow:loss = 0.0013906383, step = 23501 (10.864 sec)
INFO:tensorflow:global_step/sec: 9.70873
INFO:tensorflow:learning_rate = 1e-04, cross_entropy = 0.002645868, train_accuracy = 1.0 (10.300 sec)
INFO:tensorflow:loss = 0.002645868, step = 23601 (10.300 sec)
INFO:tensorflow:global_step/sec: 9.7032
INFO:tensorflow:learning_rate = 1e-04, cross_entropy = 0.016872978, train_accuracy = 0.9975 (10.306 sec)
INFO:tensorflow:loss = 0.016872978, step = 23701 (10.306 sec)
INFO:tensorflow:global_step/sec: 9.69506
INFO:tensorflow:learning_rate = 1e-04, cross_entropy = 0.0005353972, train_accuracy = 0.998 (10.315 sec)
INFO:tensorflow:loss = 0.0005353972, step = 23801 (10.315 sec)
INFO:tensorflow:global_step/sec: 9.69891
INFO:tensorflow:learning_rate = 1e-04, cross_entropy = 0.0146179665, train_accuracy = 0.99666667 (10.310 sec)
INFO:tensorflow:loss = 0.0146179665, step = 23901 (10.310 sec)
INFO:tensorflow:Saving checkpoints for 24000 into /tmp/mnist_model/model.ckpt.
INFO:tensorflow:Loss for final step: 0.0026767587.
INFO:tensorflow:Calling model_fn.
INFO:tensorflow:Done calling model_fn.
INFO:tensorflow:Starting evaluation at 2018-07-11-16:56:22
INFO:tensorflow:Graph was finalized.
INFO:tensorflow:Restoring parameters from /tmp/mnist_model/model.ckpt-24000
INFO:tensorflow:Running local_init_op.
INFO:tensorflow:Done running local_init_op.
INFO:tensorflow:Finished evaluation at 2018-07-11-16:56:26
INFO:tensorflow:Saving dict for global step 24000: accuracy = 0.9931, global_step = 24000, loss = 0.026735282
